🔍 Backend Duration Threshold Debug for CH1:
  - session_duration_thresholds_per_muscle: None
  - contraction_duration_threshold: 250
  ✅ Using global threshold: 250.0ms
Initializing MVC value for CH1 to max amplitude: 0.00023271478130482137
Initializing MVC threshold percentage for CH1 to default: 75.0%
🔍 Backend Duration Threshold Debug for CH2:
  - session_duration_thresholds_per_muscle: None
  - contraction_duration_threshold: 250
  ✅ Using global threshold: 250.0ms
Initializing MVC value for CH2 to max amplitude: 0.00029008882120251656
Initializing MVC threshold percentage for CH2 to default: 75.0%
INFO:     127.0.0.1:50544 - "POST /upload HTTP/1.1" 200 OK
🔍 Backend Duration Threshold Debug for CH1:
  - session_duration_thresholds_per_muscle: None
  - contraction_duration_threshold: 250
  ✅ Using global threshold: 250.0ms
Initializing MVC value for CH1 to max amplitude: 0.00023271478130482137
Initializing MVC threshold percentage for CH1 to default: 75.0%
🔍 Backend Duration Threshold Debug for CH2:
  - session_duration_thresholds_per_muscle: None
  - contraction_duration_threshold: 250
  ✅ Using global threshold: 250.0ms
Initializing MVC value for CH2 to max amplitude: 0.00029008882120251656
Initializing MVC threshold percentage for CH2 to default: 75.0%
INFO:     127.0.0.1:50548 - "POST /upload HTTP/1.1" 200 OK
🔍 Backend Duration Threshold Debug for CH1:
  - session_duration_thresholds_per_muscle: None
  - contraction_duration_threshold: 250
  ✅ Using global threshold: 250.0ms
Initializing MVC value for CH1 to max amplitude: 0.00023271478130482137
Initializing MVC threshold percentage for CH1 to default: 75.0%
🔍 Backend Duration Threshold Debug for CH2:
  - session_duration_thresholds_per_muscle: None
  - contraction_duration_threshold: 250
  ✅ Using global threshold: 250.0ms
Initializing MVC value for CH2 to max amplitude: 0.00029008882120251656
Initializing MVC threshold percentage for CH2 to default: 75.0%
INFO:     127.0.0.1:51157 - "POST /upload HTTP/1.1" 200 OK
🔍 Backend Duration Threshold Debug for CH1:
  - session_duration_thresholds_per_muscle: None
  - contraction_duration_threshold: 250
  ✅ Using global threshold: 250.0ms
Initializing MVC value for CH1 to max amplitude: 0.00023271478130482137
Initializing MVC threshold percentage for CH1 to default: 75.0%
🔍 Backend Duration Threshold Debug for CH2:
  - session_duration_thresholds_per_muscle: None
  - contraction_duration_threshold: 250
  ✅ Using global threshold: 250.0ms
Initializing MVC value for CH2 to max amplitude: 0.00029008882120251656
Initializing MVC threshold percentage for CH2 to default: 75.0%
INFO:     127.0.0.1:51450 - "POST /upload HTTP/1.1" 200 OK
🔍 Backend Duration Threshold Debug for CH1:
  - session_duration_thresholds_per_muscle: None
  - contraction_duration_threshold: 250
  ✅ Using global threshold: 250.0ms
Initializing MVC value for CH1 to max amplitude: 0.00023271478130482137
Initializing MVC threshold percentage for CH1 to default: 75.0%
🔍 Backend Duration Threshold Debug for CH2:
  - session_duration_thresholds_per_muscle: None
  - contraction_duration_threshold: 250
  ✅ Using global threshold: 250.0ms
Initializing MVC value for CH2 to max amplitude: 0.00029008882120251656
Initializing MVC threshold percentage for CH2 to default: 75.0%
INFO:     127.0.0.1:51939 - "POST /upload HTTP/1.1" 200 OK
🔍 Backend Duration Threshold Debug for CH1:
  - session_duration_thresholds_per_muscle: None
  - contraction_duration_threshold: 250
  ✅ Using global threshold: 250.0ms
Initializing MVC value for CH1 to max amplitude: 0.00023271478130482137
Initializing MVC threshold percentage for CH1 to default: 75.0%
🔍 Backend Duration Threshold Debug for CH2:
  - session_duration_thresholds_per_muscle: None
  - contraction_duration_threshold: 250
  ✅ Using global threshold: 250.0ms
Initializing MVC value for CH2 to max amplitude: 0.00029008882120251656
Initializing MVC threshold percentage for CH2 to default: 75.0%
INFO:     127.0.0.1:53176 - "POST /upload HTTP/1.1" 200 OK
🔍 Backend Duration Threshold Debug for CH1:
  - session_duration_thresholds_per_muscle: None
  - contraction_duration_threshold: 250
  ✅ Using global threshold: 250.0ms
Initializing MVC value for CH1 to max amplitude: 0.00023271478130482137
Initializing MVC threshold percentage for CH1 to default: 75.0%
🔍 Backend Duration Threshold Debug for CH2:
  - session_duration_thresholds_per_muscle: None
  - contraction_duration_threshold: 250
  ✅ Using global threshold: 250.0ms
Initializing MVC value for CH2 to max amplitude: 0.00029008882120251656
Initializing MVC threshold percentage for CH2 to default: 75.0%
INFO:     127.0.0.1:53901 - "POST /upload HTTP/1.1" 500 Internal Server Error
🔍 Backend Duration Threshold Debug for CH1:
  - session_duration_thresholds_per_muscle: None
  - contraction_duration_threshold: 250
  ✅ Using global threshold: 250.0ms
Initializing MVC value for CH1 to max amplitude: 0.00023271478130482137
Initializing MVC threshold percentage for CH1 to default: 75.0%
🔍 Backend Duration Threshold Debug for CH2:
  - session_duration_thresholds_per_muscle: None
  - contraction_duration_threshold: 250
  ✅ Using global threshold: 250.0ms
Initializing MVC value for CH2 to max amplitude: 0.00029008882120251656
Initializing MVC threshold percentage for CH2 to default: 75.0%
INFO:     127.0.0.1:53905 - "POST /upload HTTP/1.1" 500 Internal Server Error
🔍 Backend Duration Threshold Debug for CH1:
  - session_duration_thresholds_per_muscle: None
  - contraction_duration_threshold: 250
  ✅ Using global threshold: 250.0ms
Initializing MVC value for CH1 to max amplitude: 0.00023271478130482137
Initializing MVC threshold percentage for CH1 to default: 75.0%
🔍 Backend Duration Threshold Debug for CH2:
  - session_duration_thresholds_per_muscle: None
  - contraction_duration_threshold: 250
  ✅ Using global threshold: 250.0ms
Initializing MVC value for CH2 to max amplitude: 0.00029008882120251656
Initializing MVC threshold percentage for CH2 to default: 75.0%
INFO:     127.0.0.1:53928 - "POST /upload HTTP/1.1" 500 Internal Server Error
🔍 Backend Duration Threshold Debug for CH1:
  - session_duration_thresholds_per_muscle: None
  - contraction_duration_threshold: 250
  ✅ Using global threshold: 250.0ms
Initializing MVC value for CH1 to max amplitude: 0.00023271478130482137
Initializing MVC threshold percentage for CH1 to default: 75.0%
🔍 Backend Duration Threshold Debug for CH2:
  - session_duration_thresholds_per_muscle: None
  - contraction_duration_threshold: 250
  ✅ Using global threshold: 250.0ms
Initializing MVC value for CH2 to max amplitude: 0.00029008882120251656
Initializing MVC threshold percentage for CH2 to default: 75.0%
INFO:     127.0.0.1:53974 - "POST /upload HTTP/1.1" 500 Internal Server Error
🔍 Backend Duration Threshold Debug for CH1:
  - session_duration_thresholds_per_muscle: None
  - contraction_duration_threshold: 250
  ✅ Using global threshold: 250.0ms
Initializing MVC value for CH1 to max amplitude: 0.00023271478130482137
Initializing MVC threshold percentage for CH1 to default: 75.0%
🔍 Backend Duration Threshold Debug for CH2:
  - session_duration_thresholds_per_muscle: None
  - contraction_duration_threshold: 250
  ✅ Using global threshold: 250.0ms
Initializing MVC value for CH2 to max amplitude: 0.00029008882120251656
Initializing MVC threshold percentage for CH2 to default: 75.0%
INFO:     127.0.0.1:53976 - "POST /upload HTTP/1.1" 500 Internal Server Error
🔍 Backend Duration Threshold Debug for CH1:
  - session_duration_thresholds_per_muscle: None
  - contraction_duration_threshold: 250
  ✅ Using global threshold: 250.0ms
Initializing MVC value for CH1 to max amplitude: 0.00015741243259981275
Initializing MVC threshold percentage for CH1 to default: 75.0%
🔍 Backend Duration Threshold Debug for CH2:
  - session_duration_thresholds_per_muscle: None
  - contraction_duration_threshold: 250
  ✅ Using global threshold: 250.0ms
Initializing MVC value for CH2 to max amplitude: 0.00017098188982345164
Initializing MVC threshold percentage for CH2 to default: 75.0%
INFO:     127.0.0.1:53979 - "POST /upload HTTP/1.1" 500 Internal Server Error
🔍 Backend Duration Threshold Debug for CH1:
  - session_duration_thresholds_per_muscle: None
  - contraction_duration_threshold: 250
  ✅ Using global threshold: 250.0ms
Initializing MVC value for CH1 to max amplitude: 0.00027608501841314137
Initializing MVC threshold percentage for CH1 to default: 75.0%
🔍 Backend Duration Threshold Debug for CH2:
  - session_duration_thresholds_per_muscle: None
  - contraction_duration_threshold: 250
  ✅ Using global threshold: 250.0ms
Initializing MVC value for CH2 to max amplitude: 0.00015544854977633804
Initializing MVC threshold percentage for CH2 to default: 75.0%
INFO:     127.0.0.1:53989 - "POST /upload HTTP/1.1" 500 Internal Server Error
🔍 Backend Duration Threshold Debug for CH1:
  - session_duration_thresholds_per_muscle: None
  - contraction_duration_threshold: 250
  ✅ Using global threshold: 250.0ms
Initializing MVC value for CH1 to max amplitude: 0.00015741243259981275
Initializing MVC threshold percentage for CH1 to default: 75.0%
🔍 Backend Duration Threshold Debug for CH2:
  - session_duration_thresholds_per_muscle: None
  - contraction_duration_threshold: 250
  ✅ Using global threshold: 250.0ms
Initializing MVC value for CH2 to max amplitude: 0.00017098188982345164
Initializing MVC threshold percentage for CH2 to default: 75.0%
INFO:     127.0.0.1:54011 - "POST /upload HTTP/1.1" 500 Internal Server Error
🔍 Backend Duration Threshold Debug for CH1:
  - session_duration_thresholds_per_muscle: None
  - contraction_duration_threshold: 250
  ✅ Using global threshold: 250.0ms
Initializing MVC value for CH1 to max amplitude: 0.00023271478130482137
Initializing MVC threshold percentage for CH1 to default: 75.0%
🔍 Backend Duration Threshold Debug for CH2:
  - session_duration_thresholds_per_muscle: None
  - contraction_duration_threshold: 250
  ✅ Using global threshold: 250.0ms
Initializing MVC value for CH2 to max amplitude: 0.00029008882120251656
Initializing MVC threshold percentage for CH2 to default: 75.0%
INFO:     127.0.0.1:54047 - "POST /upload HTTP/1.1" 500 Internal Server Error
🔍 Backend Duration Threshold Debug for CH1:
  - session_duration_thresholds_per_muscle: None
  - contraction_duration_threshold: 250
  ✅ Using global threshold: 250.0ms
Initializing MVC value for CH1 to max amplitude: 0.00023271478130482137
Initializing MVC threshold percentage for CH1 to default: 75.0%
🔍 Backend Duration Threshold Debug for CH2:
  - session_duration_thresholds_per_muscle: None
  - contraction_duration_threshold: 250
  ✅ Using global threshold: 250.0ms
Initializing MVC value for CH2 to max amplitude: 0.00029008882120251656
Initializing MVC threshold percentage for CH2 to default: 75.0%
INFO:     127.0.0.1:54327 - "POST /upload HTTP/1.1" 500 Internal Server Error
🔍 Backend Duration Threshold Debug for CH1:
  - session_duration_thresholds_per_muscle: None
  - contraction_duration_threshold: 250
  ✅ Using global threshold: 250.0ms
Initializing MVC value for CH1 to max amplitude: 0.00023271478130482137
Initializing MVC threshold percentage for CH1 to default: 75.0%
🔍 Backend Duration Threshold Debug for CH2:
  - session_duration_thresholds_per_muscle: None
  - contraction_duration_threshold: 250
  ✅ Using global threshold: 250.0ms
Initializing MVC value for CH2 to max amplitude: 0.00029008882120251656
Initializing MVC threshold percentage for CH2 to default: 75.0%
INFO:     127.0.0.1:54419 - "POST /upload HTTP/1.1" 200 OK
🔍 Backend Duration Threshold Debug for CH1:
  - session_duration_thresholds_per_muscle: None
  - contraction_duration_threshold: 250
  ✅ Using global threshold: 250.0ms
Initializing MVC value for CH1 to max amplitude: 0.00023271478130482137
Initializing MVC threshold percentage for CH1 to default: 75.0%
🔍 Backend Duration Threshold Debug for CH2:
  - session_duration_thresholds_per_muscle: None
  - contraction_duration_threshold: 250
  ✅ Using global threshold: 250.0ms
Initializing MVC value for CH2 to max amplitude: 0.00029008882120251656
Initializing MVC threshold percentage for CH2 to default: 75.0%
INFO:     127.0.0.1:55302 - "POST /upload HTTP/1.1" 200 OK
🔍 Backend Duration Threshold Debug for CH1:
  - session_duration_thresholds_per_muscle: None
  - contraction_duration_threshold: 250
  ✅ Using global threshold: 250.0ms
Initializing MVC value for CH1 to max amplitude: 0.00023271478130482137
Initializing MVC threshold percentage for CH1 to default: 75.0%
🔍 Backend Duration Threshold Debug for CH2:
  - session_duration_thresholds_per_muscle: None
  - contraction_duration_threshold: 250
  ✅ Using global threshold: 250.0ms
Initializing MVC value for CH2 to max amplitude: 0.00029008882120251656
Initializing MVC threshold percentage for CH2 to default: 75.0%
INFO:     127.0.0.1:55882 - "POST /upload HTTP/1.1" 200 OK
🔍 Backend Duration Threshold Debug for CH1:
  - session_duration_thresholds_per_muscle: None
  - contraction_duration_threshold: 250
  ✅ Using global threshold: 250.0ms
Initializing MVC value for CH1 to max amplitude: 0.00015741243259981275
Initializing MVC threshold percentage for CH1 to default: 75.0%
🔍 Backend Duration Threshold Debug for CH2:
  - session_duration_thresholds_per_muscle: None
  - contraction_duration_threshold: 250
  ✅ Using global threshold: 250.0ms
Initializing MVC value for CH2 to max amplitude: 0.00017098188982345164
Initializing MVC threshold percentage for CH2 to default: 75.0%
INFO:     127.0.0.1:56391 - "POST /upload HTTP/1.1" 200 OK
🔍 Backend Duration Threshold Debug for CH1:
  - session_duration_thresholds_per_muscle: None
  - contraction_duration_threshold: 250
  ✅ Using global threshold: 250.0ms
Initializing MVC value for CH1 to max amplitude: 0.00023271478130482137
Initializing MVC threshold percentage for CH1 to default: 75.0%
🔍 Backend Duration Threshold Debug for CH2:
  - session_duration_thresholds_per_muscle: None
  - contraction_duration_threshold: 250
  ✅ Using global threshold: 250.0ms
Initializing MVC value for CH2 to max amplitude: 0.00029008882120251656
Initializing MVC threshold percentage for CH2 to default: 75.0%
INFO:     127.0.0.1:56577 - "POST /upload HTTP/1.1" 200 OK
🔍 Backend Duration Threshold Debug for CH1:
  - session_duration_thresholds_per_muscle: None
  - contraction_duration_threshold: 250
  ✅ Using global threshold: 250.0ms
Initializing MVC value for CH1 to max amplitude: 0.00023271478130482137
Initializing MVC threshold percentage for CH1 to default: 75.0%
🔍 Backend Duration Threshold Debug for CH2:
  - session_duration_thresholds_per_muscle: None
  - contraction_duration_threshold: 250
  ✅ Using global threshold: 250.0ms
Initializing MVC value for CH2 to max amplitude: 0.00029008882120251656
Initializing MVC threshold percentage for CH2 to default: 75.0%
INFO:     127.0.0.1:56748 - "POST /upload HTTP/1.1" 200 OK
🔍 Backend Duration Threshold Debug for CH1:
  - session_duration_thresholds_per_muscle: None
  - contraction_duration_threshold: 250
  ✅ Using global threshold: 250.0ms
Initializing MVC value for CH1 to max amplitude: 0.00023271478130482137
Initializing MVC threshold percentage for CH1 to default: 75.0%
🔍 Backend Duration Threshold Debug for CH2:
  - session_duration_thresholds_per_muscle: None
  - contraction_duration_threshold: 250
  ✅ Using global threshold: 250.0ms
Initializing MVC value for CH2 to max amplitude: 0.00029008882120251656
Initializing MVC threshold percentage for CH2 to default: 75.0%
INFO:     127.0.0.1:57030 - "POST /upload HTTP/1.1" 200 OK
🔍 Backend Duration Threshold Debug for CH1:
  - session_duration_thresholds_per_muscle: None
  - contraction_duration_threshold: 250
  ✅ Using global threshold: 250.0ms
Initializing MVC value for CH1 to max amplitude: 0.00023271478130482137
Initializing MVC threshold percentage for CH1 to default: 75.0%
🔍 Backend Duration Threshold Debug for CH2:
  - session_duration_thresholds_per_muscle: None
  - contraction_duration_threshold: 250
  ✅ Using global threshold: 250.0ms
Initializing MVC value for CH2 to max amplitude: 0.00029008882120251656
Initializing MVC threshold percentage for CH2 to default: 75.0%
INFO:     127.0.0.1:59706 - "POST /upload HTTP/1.1" 200 OK
🔍 Backend Duration Threshold Debug for CH1:
  - session_duration_thresholds_per_muscle: None
  - contraction_duration_threshold: 250
  ✅ Using global threshold: 250.0ms
Initializing MVC value for CH1 to max amplitude: 0.001324263634160161
Initializing MVC threshold percentage for CH1 to default: 75.0%
🔍 Backend Duration Threshold Debug for CH2:
  - session_duration_thresholds_per_muscle: None
  - contraction_duration_threshold: 250
  ✅ Using global threshold: 250.0ms
Initializing MVC value for CH2 to max amplitude: 0.0002808272547554225
Initializing MVC threshold percentage for CH2 to default: 75.0%
INFO:     127.0.0.1:59859 - "POST /upload HTTP/1.1" 200 OK
🔍 Backend Duration Threshold Debug for CH1:
  - session_duration_thresholds_per_muscle: None
  - contraction_duration_threshold: 250
  ✅ Using global threshold: 250.0ms
Initializing MVC value for CH1 to max amplitude: 0.0002166807826142758
Initializing MVC threshold percentage for CH1 to default: 75.0%
🔍 Backend Duration Threshold Debug for CH2:
  - session_duration_thresholds_per_muscle: None
  - contraction_duration_threshold: 250
  ✅ Using global threshold: 250.0ms
Initializing MVC value for CH2 to max amplitude: 0.00030930028879083693
Initializing MVC threshold percentage for CH2 to default: 75.0%
INFO:     127.0.0.1:59862 - "POST /upload HTTP/1.1" 200 OK
🔍 Backend Duration Threshold Debug for CH1:
  - session_duration_thresholds_per_muscle: None
  - contraction_duration_threshold: 250
  ✅ Using global threshold: 250.0ms
Initializing MVC value for CH1 to max amplitude: 0.00023271478130482137
Initializing MVC threshold percentage for CH1 to default: 75.0%
🔍 Backend Duration Threshold Debug for CH2:
  - session_duration_thresholds_per_muscle: None
  - contraction_duration_threshold: 250
  ✅ Using global threshold: 250.0ms
Initializing MVC value for CH2 to max amplitude: 0.00029008882120251656
Initializing MVC threshold percentage for CH2 to default: 75.0%
INFO:     127.0.0.1:64339 - "POST /upload HTTP/1.1" 200 OK
🔍 Backend Duration Threshold Debug for CH1:
  - session_duration_thresholds_per_muscle: None
  - contraction_duration_threshold: 250
  ✅ Using global threshold: 250.0ms
Initializing MVC value for CH1 to max amplitude: 0.00023271478130482137
Initializing MVC threshold percentage for CH1 to default: 75.0%
🔍 Backend Duration Threshold Debug for CH2:
  - session_duration_thresholds_per_muscle: None
  - contraction_duration_threshold: 250
  ✅ Using global threshold: 250.0ms
Initializing MVC value for CH2 to max amplitude: 0.00029008882120251656
Initializing MVC threshold percentage for CH2 to default: 75.0%
INFO:     127.0.0.1:64383 - "POST /upload HTTP/1.1" 200 OK
🔍 Backend Duration Threshold Debug for CH1:
  - session_duration_thresholds_per_muscle: None
  - contraction_duration_threshold: 250
  ✅ Using global threshold: 250.0ms
Initializing MVC value for CH1 to max amplitude: 0.00023271478130482137
Initializing MVC threshold percentage for CH1 to default: 75.0%
🔍 Backend Duration Threshold Debug for CH2:
  - session_duration_thresholds_per_muscle: None
  - contraction_duration_threshold: 250
  ✅ Using global threshold: 250.0ms
Initializing MVC value for CH2 to max amplitude: 0.00029008882120251656
Initializing MVC threshold percentage for CH2 to default: 75.0%
INFO:     127.0.0.1:64428 - "POST /upload HTTP/1.1" 200 OK
🔍 Backend Duration Threshold Debug for CH1:
  - session_duration_thresholds_per_muscle: None
  - contraction_duration_threshold: 250
  ✅ Using global threshold: 250.0ms
Initializing MVC value for CH1 to max amplitude: 0.00023271478130482137
Initializing MVC threshold percentage for CH1 to default: 75.0%
🔍 Backend Duration Threshold Debug for CH2:
  - session_duration_thresholds_per_muscle: None
  - contraction_duration_threshold: 250
  ✅ Using global threshold: 250.0ms
Initializing MVC value for CH2 to max amplitude: 0.00029008882120251656
Initializing MVC threshold percentage for CH2 to default: 75.0%
INFO:     127.0.0.1:64464 - "POST /upload HTTP/1.1" 200 OK
🔍 Backend Duration Threshold Debug for CH1:
  - session_duration_thresholds_per_muscle: None
  - contraction_duration_threshold: 250
  ✅ Using global threshold: 250.0ms
Initializing MVC value for CH1 to max amplitude: 0.00023271478130482137
Initializing MVC threshold percentage for CH1 to default: 75.0%
🔍 Backend Duration Threshold Debug for CH2:
  - session_duration_thresholds_per_muscle: None
  - contraction_duration_threshold: 250
  ✅ Using global threshold: 250.0ms
Initializing MVC value for CH2 to max amplitude: 0.00029008882120251656
Initializing MVC threshold percentage for CH2 to default: 75.0%
INFO:     127.0.0.1:65098 - "POST /upload HTTP/1.1" 200 OK
🔍 Backend Duration Threshold Debug for CH1:
  - session_duration_thresholds_per_muscle: None
  - contraction_duration_threshold: 250
  ✅ Using global threshold: 250.0ms
Initializing MVC value for CH1 to max amplitude: 0.00023271478130482137
Initializing MVC threshold percentage for CH1 to default: 75.0%
🔍 Backend Duration Threshold Debug for CH2:
  - session_duration_thresholds_per_muscle: None
  - contraction_duration_threshold: 250
  ✅ Using global threshold: 250.0ms
Initializing MVC value for CH2 to max amplitude: 0.00029008882120251656
Initializing MVC threshold percentage for CH2 to default: 75.0%
INFO:     127.0.0.1:65448 - "POST /upload HTTP/1.1" 200 OK
🔍 Backend Duration Threshold Debug for CH1:
  - session_duration_thresholds_per_muscle: None
  - contraction_duration_threshold: 250
  ✅ Using global threshold: 250.0ms
Initializing MVC value for CH1 to max amplitude: 0.00023271478130482137
Initializing MVC threshold percentage for CH1 to default: 75.0%
🔍 Backend Duration Threshold Debug for CH2:
  - session_duration_thresholds_per_muscle: None
  - contraction_duration_threshold: 250
  ✅ Using global threshold: 250.0ms
Initializing MVC value for CH2 to max amplitude: 0.00029008882120251656
Initializing MVC threshold percentage for CH2 to default: 75.0%
INFO:     127.0.0.1:49554 - "POST /upload HTTP/1.1" 200 OK
🔍 Backend Duration Threshold Debug for CH1:
  - session_duration_thresholds_per_muscle: None
  - contraction_duration_threshold: 250
  ✅ Using global threshold: 250.0ms
Initializing MVC value for CH1 to max amplitude: 0.00023271478130482137
Initializing MVC threshold percentage for CH1 to default: 75.0%
🔍 Backend Duration Threshold Debug for CH2:
  - session_duration_thresholds_per_muscle: None
  - contraction_duration_threshold: 250
  ✅ Using global threshold: 250.0ms
Initializing MVC value for CH2 to max amplitude: 0.00029008882120251656
Initializing MVC threshold percentage for CH2 to default: 75.0%
INFO:     127.0.0.1:49629 - "POST /upload HTTP/1.1" 200 OK
🔍 Backend Duration Threshold Debug for CH1:
  - session_duration_thresholds_per_muscle: None
  - contraction_duration_threshold: 250
  ✅ Using global threshold: 250.0ms
Initializing MVC value for CH1 to max amplitude: 0.00023271478130482137
Initializing MVC threshold percentage for CH1 to default: 75.0%
🔍 Backend Duration Threshold Debug for CH2:
  - session_duration_thresholds_per_muscle: None
  - contraction_duration_threshold: 250
  ✅ Using global threshold: 250.0ms
Initializing MVC value for CH2 to max amplitude: 0.00029008882120251656
Initializing MVC threshold percentage for CH2 to default: 75.0%
INFO:     127.0.0.1:50279 - "POST /upload HTTP/1.1" 200 OK
🔍 Backend Duration Threshold Debug for CH1:
  - session_duration_thresholds_per_muscle: None
  - contraction_duration_threshold: 250
  ✅ Using global threshold: 250.0ms
Initializing MVC value for CH1 to max amplitude: 0.00023271478130482137
Initializing MVC threshold percentage for CH1 to default: 75.0%
🔍 Backend Duration Threshold Debug for CH2:
  - session_duration_thresholds_per_muscle: None
  - contraction_duration_threshold: 250
  ✅ Using global threshold: 250.0ms
Initializing MVC value for CH2 to max amplitude: 0.00029008882120251656
Initializing MVC threshold percentage for CH2 to default: 75.0%
INFO:     127.0.0.1:50682 - "POST /upload HTTP/1.1" 200 OK
🔍 Backend Duration Threshold Debug for CH1:
  - session_duration_thresholds_per_muscle: None
  - contraction_duration_threshold: 250
  ✅ Using global threshold: 250.0ms
Initializing MVC value for CH1 to max amplitude: 0.00023271478130482137
Initializing MVC threshold percentage for CH1 to default: 75.0%
🔍 Backend Duration Threshold Debug for CH2:
  - session_duration_thresholds_per_muscle: None
  - contraction_duration_threshold: 250
  ✅ Using global threshold: 250.0ms
Initializing MVC value for CH2 to max amplitude: 0.00029008882120251656
Initializing MVC threshold percentage for CH2 to default: 75.0%
INFO:     127.0.0.1:51270 - "POST /upload HTTP/1.1" 200 OK
🔍 Backend Duration Threshold Debug for CH1:
  - session_duration_thresholds_per_muscle: None
  - contraction_duration_threshold: 250
  ✅ Using global threshold: 250.0ms
Initializing MVC value for CH1 to max amplitude: 0.00023271478130482137
Initializing MVC threshold percentage for CH1 to default: 75.0%
🔍 Backend Duration Threshold Debug for CH2:
  - session_duration_thresholds_per_muscle: None
  - contraction_duration_threshold: 250
  ✅ Using global threshold: 250.0ms
Initializing MVC value for CH2 to max amplitude: 0.00029008882120251656
Initializing MVC threshold percentage for CH2 to default: 75.0%
INFO:     127.0.0.1:51514 - "POST /upload HTTP/1.1" 200 OK
🔍 Backend Duration Threshold Debug for CH1:
  - session_duration_thresholds_per_muscle: None
  - contraction_duration_threshold: 250
  ✅ Using global threshold: 250.0ms
Initializing MVC value for CH1 to max amplitude: 0.00023271478130482137
Initializing MVC threshold percentage for CH1 to default: 75.0%
🔍 Backend Duration Threshold Debug for CH2:
  - session_duration_thresholds_per_muscle: None
  - contraction_duration_threshold: 250
  ✅ Using global threshold: 250.0ms
Initializing MVC value for CH2 to max amplitude: 0.00029008882120251656
Initializing MVC threshold percentage for CH2 to default: 75.0%
INFO:     127.0.0.1:51602 - "POST /upload HTTP/1.1" 200 OK
🔍 Backend Duration Threshold Debug for CH1:
  - session_duration_thresholds_per_muscle: None
  - contraction_duration_threshold: 250
  ✅ Using global threshold: 250.0ms
Initializing MVC value for CH1 to max amplitude: 0.00023271478130482137
Initializing MVC threshold percentage for CH1 to default: 75.0%
🔍 Backend Duration Threshold Debug for CH2:
  - session_duration_thresholds_per_muscle: None
  - contraction_duration_threshold: 250
  ✅ Using global threshold: 250.0ms
Initializing MVC value for CH2 to max amplitude: 0.00029008882120251656
Initializing MVC threshold percentage for CH2 to default: 75.0%
INFO:     127.0.0.1:51933 - "POST /upload HTTP/1.1" 200 OK
🔍 Backend Duration Threshold Debug for CH1:
  - session_duration_thresholds_per_muscle: None
  - contraction_duration_threshold: 250
  ✅ Using global threshold: 250.0ms
Initializing MVC value for CH1 to max amplitude: 0.00023271478130482137
Initializing MVC threshold percentage for CH1 to default: 75.0%
🔍 Backend Duration Threshold Debug for CH2:
  - session_duration_thresholds_per_muscle: None
  - contraction_duration_threshold: 250
  ✅ Using global threshold: 250.0ms
Initializing MVC value for CH2 to max amplitude: 0.00029008882120251656
Initializing MVC threshold percentage for CH2 to default: 75.0%
INFO:     127.0.0.1:52259 - "POST /upload HTTP/1.1" 200 OK
🔍 Backend Duration Threshold Debug for CH1:
  - session_duration_thresholds_per_muscle: None
  - contraction_duration_threshold: 250
  ✅ Using global threshold: 250.0ms
Initializing MVC value for CH1 to max amplitude: 0.00023271478130482137
Initializing MVC threshold percentage for CH1 to default: 75.0%
🔍 Backend Duration Threshold Debug for CH2:
  - session_duration_thresholds_per_muscle: None
  - contraction_duration_threshold: 250
  ✅ Using global threshold: 250.0ms
Initializing MVC value for CH2 to max amplitude: 0.00029008882120251656
Initializing MVC threshold percentage for CH2 to default: 75.0%
INFO:     127.0.0.1:52295 - "POST /upload HTTP/1.1" 200 OK
🔍 Backend Duration Threshold Debug for CH1:
  - session_duration_thresholds_per_muscle: None
  - contraction_duration_threshold: 250
  ✅ Using global threshold: 250.0ms
Initializing MVC value for CH1 to max amplitude: 0.00023271478130482137
Initializing MVC threshold percentage for CH1 to default: 75.0%
🔍 Backend Duration Threshold Debug for CH2:
  - session_duration_thresholds_per_muscle: None
  - contraction_duration_threshold: 250
  ✅ Using global threshold: 250.0ms
Initializing MVC value for CH2 to max amplitude: 0.00029008882120251656
Initializing MVC threshold percentage for CH2 to default: 75.0%
INFO:     127.0.0.1:53763 - "POST /upload HTTP/1.1" 200 OK
