(node:82348) [DEP_WEBPACK_DEV_SERVER_ON_AFTER_SETUP_MIDDLEWARE] DeprecationWarning: 'onAfterSetupMiddleware' option is deprecated. Please use the 'setupMiddlewares' option.
(Use `node --trace-deprecation ...` to show where the warning was created)
(node:82348) [DEP_WEBPACK_DEV_SERVER_ON_BEFORE_SETUP_MIDDLEWARE] DeprecationWarning: 'onBeforeSetupMiddleware' option is deprecated. Please use the 'setupMiddlewares' option.
ERROR in src/components/settings/ScoringWeightsSettings.tsx:80:18
TS2304: Cannot find name 'isEnhancedScoringEnabled'.
    78 |       ...sessionParams,
    79 |       enhanced_scoring: {
  > 80 |         enabled: isEnhancedScoringEnabled,
       |                  ^^^^^^^^^^^^^^^^^^^^^^^^
    81 |         weights: normalizedWeights,
    82 |         game_score_normalization: gameNormalization
    83 |       }

ERROR in src/components/settings/ScoringWeightsSettings.tsx:102:18
TS2304: Cannot find name 'isEnhancedScoringEnabled'.
    100 |       ...sessionParams,
    101 |       enhanced_scoring: {
  > 102 |         enabled: isEnhancedScoringEnabled,
        |                  ^^^^^^^^^^^^^^^^^^^^^^^^
    103 |         weights,
    104 |         game_score_normalization: newNormalization
    105 |       }

ERROR in src/components/settings/ScoringWeightsSettings.tsx:115:8
TS2304: Cannot find name 'isEnhancedScoringEnabled'.
    113 |   const muscleChannels2 = muscleChannels.filter(ch => !ch.includes(' ')).slice(0, 2);
    114 |
  > 115 |   if (!isEnhancedScoringEnabled) {
        |        ^^^^^^^^^^^^^^^^^^^^^^^^
    116 |     return (
    117 |       <UnifiedSettingsCard
    118 |         title="Enhanced Performance Scoring"

ERROR in src/components/settings/ScoringWeightsSettings.tsx:133:32
TS2304: Cannot find name 'toggleEnhancedScoring'.
    131 |               id="enhanced-scoring-enable"
    132 |               checked={false}
  > 133 |               onCheckedChange={toggleEnhancedScoring}
        |                                ^^^^^^^^^^^^^^^^^^^^^
    134 |             />
    135 |           </div>
    136 |           <Alert>

ERROR in src/components/settings/ScoringWeightsSettings.tsx:166:24
TS2304: Cannot find name 'isEnhancedScoringEnabled'.
    164 |             <Switch
    165 |               id="enhanced-scoring-toggle"
  > 166 |               checked={isEnhancedScoringEnabled}
        |                        ^^^^^^^^^^^^^^^^^^^^^^^^
    167 |               onCheckedChange={toggleEnhancedScoring}
    168 |             />
    169 |           </div>

ERROR in src/components/settings/ScoringWeightsSettings.tsx:167:32
TS2304: Cannot find name 'toggleEnhancedScoring'.
    165 |               id="enhanced-scoring-toggle"
    166 |               checked={isEnhancedScoringEnabled}
  > 167 |               onCheckedChange={toggleEnhancedScoring}
        |                                ^^^^^^^^^^^^^^^^^^^^^
    168 |             />
    169 |           </div>
    170 |

ERROR in src/components/settings/ScoringWeightsSettings.tsx:102:18
TS2304: Cannot find name 'isEnhancedScoringEnabled'.
    100 |       ...sessionParams,
    101 |       enhanced_scoring: {
  > 102 |         enabled: isEnhancedScoringEnabled,
        |                  ^^^^^^^^^^^^^^^^^^^^^^^^
    103 |         weights,
    104 |         game_score_normalization: newNormalization
    105 |       }

ERROR in src/components/settings/ScoringWeightsSettings.tsx:115:8
TS2304: Cannot find name 'isEnhancedScoringEnabled'.
    113 |   const muscleChannels2 = muscleChannels.filter(ch => !ch.includes(' ')).slice(0, 2);
    114 |
  > 115 |   if (!isEnhancedScoringEnabled) {
        |        ^^^^^^^^^^^^^^^^^^^^^^^^
    116 |     return (
    117 |       <UnifiedSettingsCard
    118 |         title="Enhanced Performance Scoring"

ERROR in src/components/settings/ScoringWeightsSettings.tsx:133:32
TS2304: Cannot find name 'toggleEnhancedScoring'.
    131 |               id="enhanced-scoring-enable"
    132 |               checked={false}
  > 133 |               onCheckedChange={toggleEnhancedScoring}
        |                                ^^^^^^^^^^^^^^^^^^^^^
    134 |             />
    135 |           </div>
    136 |           <Alert>

ERROR in src/components/settings/ScoringWeightsSettings.tsx:166:24
TS2304: Cannot find name 'isEnhancedScoringEnabled'.
    164 |             <Switch
    165 |               id="enhanced-scoring-toggle"
  > 166 |               checked={isEnhancedScoringEnabled}
        |                        ^^^^^^^^^^^^^^^^^^^^^^^^
    167 |               onCheckedChange={toggleEnhancedScoring}
    168 |             />
    169 |           </div>

ERROR in src/components/settings/ScoringWeightsSettings.tsx:167:32
TS2304: Cannot find name 'toggleEnhancedScoring'.
    165 |               id="enhanced-scoring-toggle"
    166 |               checked={isEnhancedScoringEnabled}
  > 167 |               onCheckedChange={toggleEnhancedScoring}
        |                                ^^^^^^^^^^^^^^^^^^^^^
    168 |             />
    169 |           </div>
    170 |

ERROR in src/components/settings/ScoringWeightsSettings.tsx:115:8
TS2304: Cannot find name 'isEnhancedScoringEnabled'.
    113 |   const muscleChannels2 = muscleChannels.filter(ch => !ch.includes(' ')).slice(0, 2);
    114 |
  > 115 |   if (!isEnhancedScoringEnabled) {
        |        ^^^^^^^^^^^^^^^^^^^^^^^^
    116 |     return (
    117 |       <UnifiedSettingsCard
    118 |         title="Enhanced Performance Scoring"

ERROR in src/components/settings/ScoringWeightsSettings.tsx:133:32
TS2304: Cannot find name 'toggleEnhancedScoring'.
    131 |               id="enhanced-scoring-enable"
    132 |               checked={false}
  > 133 |               onCheckedChange={toggleEnhancedScoring}
        |                                ^^^^^^^^^^^^^^^^^^^^^
    134 |             />
    135 |           </div>
    136 |           <Alert>

ERROR in src/components/settings/ScoringWeightsSettings.tsx:166:24
TS2304: Cannot find name 'isEnhancedScoringEnabled'.
    164 |             <Switch
    165 |               id="enhanced-scoring-toggle"
  > 166 |               checked={isEnhancedScoringEnabled}
        |                        ^^^^^^^^^^^^^^^^^^^^^^^^
    167 |               onCheckedChange={toggleEnhancedScoring}
    168 |             />
    169 |           </div>

ERROR in src/components/settings/ScoringWeightsSettings.tsx:167:32
TS2304: Cannot find name 'toggleEnhancedScoring'.
    165 |               id="enhanced-scoring-toggle"
    166 |               checked={isEnhancedScoringEnabled}
  > 167 |               onCheckedChange={toggleEnhancedScoring}
        |                                ^^^^^^^^^^^^^^^^^^^^^
    168 |             />
    169 |           </div>
    170 |

ERROR in src/components/settings/ScoringWeightsSettings.tsx:139:24
TS2304: Cannot find name 'isEnhancedScoringEnabled'.
    137 |             <Switch
    138 |               id="enhanced-scoring-toggle"
  > 139 |               checked={isEnhancedScoringEnabled}
        |                        ^^^^^^^^^^^^^^^^^^^^^^^^
    140 |               onCheckedChange={toggleEnhancedScoring}
    141 |             />
    142 |           </div>

ERROR in src/components/settings/ScoringWeightsSettings.tsx:140:32
TS2304: Cannot find name 'toggleEnhancedScoring'.
    138 |               id="enhanced-scoring-toggle"
    139 |               checked={isEnhancedScoringEnabled}
  > 140 |               onCheckedChange={toggleEnhancedScoring}
        |                                ^^^^^^^^^^^^^^^^^^^^^
    141 |             />
    142 |           </div>
    143 |

ERROR in src/components/settings/ScoringWeightsSettings.tsx:66:61
TS2339: Property 'compliance_weights' does not exist on type '{ enabled: boolean; weights: ScoringWeights; game_score_normalization?: GameScoreNormalization | undefined; }'.
    64 |   
    65 |   // Compliance Score sub-component weights (default: equal weighting)
  > 66 |   const complianceWeights = sessionParams.enhanced_scoring?.compliance_weights || {
       |                                                             ^^^^^^^^^^^^^^^^^^
    67 |     completion: 1/3,    // Completion Rate
    68 |     intensity: 1/3,     // Intensity Rate (≥75% MVC)
    69 |     duration: 1/3       // Duration Rate (≥2s)

ERROR in src/components/settings/ScoringWeightsSettings.tsx:66:61
TS2339: Property 'compliance_weights' does not exist on type '{ enabled: boolean; weights: ScoringWeights; game_score_normalization?: GameScoreNormalization | undefined; }'.
    64 |   
    65 |   // Compliance Score sub-component weights (default: equal weighting)
  > 66 |   const complianceWeights = sessionParams.enhanced_scoring?.compliance_weights || {
       |                                                             ^^^^^^^^^^^^^^^^^^
    67 |     completion: 1/3,    // Completion Rate
    68 |     intensity: 1/3,     // Intensity Rate (≥75% MVC)
    69 |     duration: 1/3       // Duration Rate (≥2s)

ERROR in src/components/settings/ScoringWeightsSettings.tsx:112:9
TS2322: Type '{ enabled: true; weights: ScoringWeights; game_score_normalization: { algorithm: "linear" | "logarithmic" | "custom"; min_score: number; max_score: number; custom_parameters?: Record<...> | undefined; }; compliance_weights: any; }' is not assignable to type '{ enabled: boolean; weights: ScoringWeights; game_score_normalization?: GameScoreNormalization | undefined; }'.
  Object literal may only specify known properties, and 'compliance_weights' does not exist in type '{ enabled: boolean; weights: ScoringWeights; game_score_normalization?: GameScoreNormalization | undefined; }'.
    110 |         weights,
    111 |         game_score_normalization: newNormalization,
  > 112 |         compliance_weights: complianceWeights
        |         ^^^^^^^^^^^^^^^^^^^^^^^^^^^^^^^^^^^^^
    113 |       }
    114 |     });
    115 |   };

ERROR in src/components/settings/ScoringWeightsSettings.tsx:134:9
TS2322: Type '{ enabled: true; weights: ScoringWeights; game_score_normalization: GameScoreNormalization; compliance_weights: any; }' is not assignable to type '{ enabled: boolean; weights: ScoringWeights; game_score_normalization?: GameScoreNormalization | undefined; }'.
  Object literal may only specify known properties, and 'compliance_weights' does not exist in type '{ enabled: boolean; weights: ScoringWeights; game_score_normalization?: GameScoreNormalization | undefined; }'.
    132 |         weights,
    133 |         game_score_normalization: gameNormalization,
  > 134 |         compliance_weights: normalizedWeights
        |         ^^^^^^^^^^^^^^^^^^^^^^^^^^^^^^^^^^^^^
    135 |       }
    136 |     });
    137 |   };

ERROR in src/components/settings/ScoringWeightsSettings.tsx:66:61
TS2339: Property 'compliance_weights' does not exist on type '{ enabled: boolean; weights: ScoringWeights; game_score_normalization?: GameScoreNormalization | undefined; }'.
    64 |   
    65 |   // Compliance Score sub-component weights (default: equal weighting)
  > 66 |   const complianceWeights = sessionParams.enhanced_scoring?.compliance_weights || {
       |                                                             ^^^^^^^^^^^^^^^^^^
    67 |     completion: 1/3,    // Completion Rate
    68 |     intensity: 1/3,     // Intensity Rate (≥75% MVC)
    69 |     duration: 1/3       // Duration Rate (≥2s)

ERROR in src/components/settings/ScoringWeightsSettings.tsx:90:9
TS2322: Type '{ enabled: true; weights: { completion: number; mvcQuality: number; qualityThreshold: number; symmetry: number; effort: number; compliance: number; gameScore: number; }; game_score_normalization: GameScoreNormalization; compliance_weights: any; }' is not assignable to type '{ enabled: boolean; weights: ScoringWeights; game_score_normalization?: GameScoreNormalization | undefined; }'.
  Object literal may only specify known properties, and 'compliance_weights' does not exist in type '{ enabled: boolean; weights: ScoringWeights; game_score_normalization?: GameScoreNormalization | undefined; }'.
    88 |         weights: normalizedWeights,
    89 |         game_score_normalization: gameNormalization,
  > 90 |         compliance_weights: complianceWeights
       |         ^^^^^^^^^^^^^^^^^^^^^^^^^^^^^^^^^^^^^
    91 |       }
    92 |     });
    93 |   };

ERROR in src/components/settings/ScoringWeightsSettings.tsx:113:9
TS2322: Type '{ enabled: true; weights: ScoringWeights; game_score_normalization: { algorithm: "linear" | "logarithmic" | "custom"; min_score: number; max_score: number; custom_parameters?: Record<...> | undefined; }; compliance_weights: any; }' is not assignable to type '{ enabled: boolean; weights: ScoringWeights; game_score_normalization?: GameScoreNormalization | undefined; }'.
  Object literal may only specify known properties, and 'compliance_weights' does not exist in type '{ enabled: boolean; weights: ScoringWeights; game_score_normalization?: GameScoreNormalization | undefined; }'.
    111 |         weights,
    112 |         game_score_normalization: newNormalization,
  > 113 |         compliance_weights: complianceWeights
        |         ^^^^^^^^^^^^^^^^^^^^^^^^^^^^^^^^^^^^^
    114 |       }
    115 |     });
    116 |   };

ERROR in src/components/settings/ScoringWeightsSettings.tsx:135:9
TS2322: Type '{ enabled: true; weights: ScoringWeights; game_score_normalization: GameScoreNormalization; compliance_weights: any; }' is not assignable to type '{ enabled: boolean; weights: ScoringWeights; game_score_normalization?: GameScoreNormalization | undefined; }'.
  Object literal may only specify known properties, and 'compliance_weights' does not exist in type '{ enabled: boolean; weights: ScoringWeights; game_score_normalization?: GameScoreNormalization | undefined; }'.
    133 |         weights,
    134 |         game_score_normalization: gameNormalization,
  > 135 |         compliance_weights: normalizedWeights
        |         ^^^^^^^^^^^^^^^^^^^^^^^^^^^^^^^^^^^^^
    136 |       }
    137 |     });
    138 |   };

ERROR in src/components/settings/ScoringWeightsSettings.tsx:66:61
TS2339: Property 'compliance_weights' does not exist on type '{ enabled: boolean; weights: ScoringWeights; game_score_normalization?: GameScoreNormalization | undefined; }'.
    64 |   
    65 |   // Compliance Score sub-component weights (default: equal weighting)
  > 66 |   const complianceWeights = sessionParams.enhanced_scoring?.compliance_weights || {
       |                                                             ^^^^^^^^^^^^^^^^^^
    67 |     completion: 1/3,    // Completion Rate
    68 |     intensity: 1/3,     // Intensity Rate (≥75% MVC)
    69 |     duration: 1/3       // Duration Rate (≥2s)

ERROR in src/components/settings/ScoringWeightsSettings.tsx:90:9
TS2322: Type '{ enabled: true; weights: { completion: number; mvcQuality: number; qualityThreshold: number; symmetry: number; effort: number; compliance: number; gameScore: number; }; game_score_normalization: GameScoreNormalization; compliance_weights: any; }' is not assignable to type '{ enabled: boolean; weights: ScoringWeights; game_score_normalization?: GameScoreNormalization | undefined; }'.
  Object literal may only specify known properties, and 'compliance_weights' does not exist in type '{ enabled: boolean; weights: ScoringWeights; game_score_normalization?: GameScoreNormalization | undefined; }'.
    88 |         weights: normalizedWeights,
    89 |         game_score_normalization: gameNormalization,
  > 90 |         compliance_weights: complianceWeights
       |         ^^^^^^^^^^^^^^^^^^^^^^^^^^^^^^^^^^^^^
    91 |       }
    92 |     });
    93 |   };

ERROR in src/components/settings/ScoringWeightsSettings.tsx:113:9
TS2322: Type '{ enabled: true; weights: ScoringWeights; game_score_normalization: { algorithm: "linear" | "logarithmic" | "custom"; min_score: number; max_score: number; custom_parameters?: Record<...> | undefined; }; compliance_weights: any; }' is not assignable to type '{ enabled: boolean; weights: ScoringWeights; game_score_normalization?: GameScoreNormalization | undefined; }'.
  Object literal may only specify known properties, and 'compliance_weights' does not exist in type '{ enabled: boolean; weights: ScoringWeights; game_score_normalization?: GameScoreNormalization | undefined; }'.
    111 |         weights,
    112 |         game_score_normalization: newNormalization,
  > 113 |         compliance_weights: complianceWeights
        |         ^^^^^^^^^^^^^^^^^^^^^^^^^^^^^^^^^^^^^
    114 |       }
    115 |     });
    116 |   };

ERROR in src/components/settings/ScoringWeightsSettings.tsx:135:9
TS2322: Type '{ enabled: true; weights: ScoringWeights; game_score_normalization: GameScoreNormalization; compliance_weights: any; }' is not assignable to type '{ enabled: boolean; weights: ScoringWeights; game_score_normalization?: GameScoreNormalization | undefined; }'.
  Object literal may only specify known properties, and 'compliance_weights' does not exist in type '{ enabled: boolean; weights: ScoringWeights; game_score_normalization?: GameScoreNormalization | undefined; }'.
    133 |         weights,
    134 |         game_score_normalization: gameNormalization,
  > 135 |         compliance_weights: normalizedWeights
        |         ^^^^^^^^^^^^^^^^^^^^^^^^^^^^^^^^^^^^^
    136 |       }
    137 |     });
    138 |   };

ERROR in src/components/settings/ScoringWeightsSettings.tsx:309:29
TS18046: 'value' is of type 'unknown'.
    307 |                         </Label>
    308 |                         <span className="text-sm text-muted-foreground">
  > 309 |                           {(value * 100).toFixed(1)}%
        |                             ^^^^^
    310 |                         </span>
    311 |                       </div>
    312 |                       <Slider

ERROR in src/components/settings/ScoringWeightsSettings.tsx:313:33
TS18046: 'value' is of type 'unknown'.
    311 |                       </div>
    312 |                       <Slider
  > 313 |                         value={[value * 100]}
        |                                 ^^^^^
    314 |                         onValueChange={([v]) => handleComplianceWeightChange(key, v)}
    315 |                         min={0}
    316 |                         max={100}

ERROR in src/components/settings/ScoringWeightsSettings.tsx:66:61
TS2339: Property 'compliance_weights' does not exist on type '{ enabled: boolean; weights: ScoringWeights; game_score_normalization?: GameScoreNormalization | undefined; }'.
    64 |   
    65 |   // Compliance Score sub-component weights (default: equal weighting)
  > 66 |   const complianceWeights = sessionParams.enhanced_scoring?.compliance_weights || {
       |                                                             ^^^^^^^^^^^^^^^^^^
    67 |     completion: 1/3,    // Completion Rate
    68 |     intensity: 1/3,     // Intensity Rate (≥75% MVC)
    69 |     duration: 1/3       // Duration Rate (≥2s)

ERROR in src/components/settings/ScoringWeightsSettings.tsx:113:9
TS2322: Type '{ enabled: true; weights: ScoringWeights; game_score_normalization: { algorithm: "linear" | "logarithmic" | "custom"; min_score: number; max_score: number; custom_parameters?: Record<...> | undefined; }; compliance_weights: any; }' is not assignable to type '{ enabled: boolean; weights: ScoringWeights; game_score_normalization?: GameScoreNormalization | undefined; }'.
  Object literal may only specify known properties, and 'compliance_weights' does not exist in type '{ enabled: boolean; weights: ScoringWeights; game_score_normalization?: GameScoreNormalization | undefined; }'.
    111 |         weights,
    112 |         game_score_normalization: newNormalization,
  > 113 |         compliance_weights: complianceWeights
        |         ^^^^^^^^^^^^^^^^^^^^^^^^^^^^^^^^^^^^^
    114 |       }
    115 |     });
    116 |   };

ERROR in src/components/settings/ScoringWeightsSettings.tsx:135:9
TS2322: Type '{ enabled: true; weights: ScoringWeights; game_score_normalization: GameScoreNormalization; compliance_weights: any; }' is not assignable to type '{ enabled: boolean; weights: ScoringWeights; game_score_normalization?: GameScoreNormalization | undefined; }'.
  Object literal may only specify known properties, and 'compliance_weights' does not exist in type '{ enabled: boolean; weights: ScoringWeights; game_score_normalization?: GameScoreNormalization | undefined; }'.
    133 |         weights,
    134 |         game_score_normalization: gameNormalization,
  > 135 |         compliance_weights: normalizedWeights
        |         ^^^^^^^^^^^^^^^^^^^^^^^^^^^^^^^^^^^^^
    136 |       }
    137 |     });
    138 |   };

ERROR in src/components/settings/ScoringWeightsSettings.tsx:309:29
TS18046: 'value' is of type 'unknown'.
    307 |                         </Label>
    308 |                         <span className="text-sm text-muted-foreground">
  > 309 |                           {(value * 100).toFixed(1)}%
        |                             ^^^^^
    310 |                         </span>
    311 |                       </div>
    312 |                       <Slider

ERROR in src/components/settings/ScoringWeightsSettings.tsx:313:33
TS18046: 'value' is of type 'unknown'.
    311 |                       </div>
    312 |                       <Slider
  > 313 |                         value={[value * 100]}
        |                                 ^^^^^
    314 |                         onValueChange={([v]) => handleComplianceWeightChange(key, v)}
    315 |                         min={0}
    316 |                         max={100}

ERROR in src/components/settings/ScoringWeightsSettings.tsx:66:61
TS2339: Property 'compliance_weights' does not exist on type '{ enabled: boolean; weights: ScoringWeights; game_score_normalization?: GameScoreNormalization | undefined; }'.
    64 |   
    65 |   // Compliance Score sub-component weights (default: equal weighting)
  > 66 |   const complianceWeights = sessionParams.enhanced_scoring?.compliance_weights || {
       |                                                             ^^^^^^^^^^^^^^^^^^
    67 |     completion: 1/3,    // Completion Rate
    68 |     intensity: 1/3,     // Intensity Rate (≥75% MVC)
    69 |     duration: 1/3       // Duration Rate (≥2s)

ERROR in src/components/settings/ScoringWeightsSettings.tsx:135:9
TS2322: Type '{ enabled: true; weights: ScoringWeights; game_score_normalization: GameScoreNormalization; compliance_weights: any; }' is not assignable to type '{ enabled: boolean; weights: ScoringWeights; game_score_normalization?: GameScoreNormalization | undefined; }'.
  Object literal may only specify known properties, and 'compliance_weights' does not exist in type '{ enabled: boolean; weights: ScoringWeights; game_score_normalization?: GameScoreNormalization | undefined; }'.
    133 |         weights,
    134 |         game_score_normalization: gameNormalization,
  > 135 |         compliance_weights: normalizedWeights
        |         ^^^^^^^^^^^^^^^^^^^^^^^^^^^^^^^^^^^^^
    136 |       }
    137 |     });
    138 |   };

ERROR in src/components/settings/ScoringWeightsSettings.tsx:309:29
TS18046: 'value' is of type 'unknown'.
    307 |                         </Label>
    308 |                         <span className="text-sm text-muted-foreground">
  > 309 |                           {(value * 100).toFixed(1)}%
        |                             ^^^^^
    310 |                         </span>
    311 |                       </div>
    312 |                       <Slider

ERROR in src/components/settings/ScoringWeightsSettings.tsx:313:33
TS18046: 'value' is of type 'unknown'.
    311 |                       </div>
    312 |                       <Slider
  > 313 |                         value={[value * 100]}
        |                                 ^^^^^
    314 |                         onValueChange={([v]) => handleComplianceWeightChange(key, v)}
    315 |                         min={0}
    316 |                         max={100}

ERROR in src/components/settings/ScoringWeightsSettings.tsx:66:61
TS2339: Property 'compliance_weights' does not exist on type '{ enabled: boolean; weights: ScoringWeights; game_score_normalization?: GameScoreNormalization | undefined; }'.
    64 |   
    65 |   // Compliance Score sub-component weights (default: equal weighting)
  > 66 |   const complianceWeights = sessionParams.enhanced_scoring?.compliance_weights || {
       |                                                             ^^^^^^^^^^^^^^^^^^
    67 |     completion: 1/3,    // Completion Rate
    68 |     intensity: 1/3,     // Intensity Rate (≥75% MVC)
    69 |     duration: 1/3       // Duration Rate (≥2s)

ERROR in src/components/settings/ScoringWeightsSettings.tsx:309:29
TS18046: 'value' is of type 'unknown'.
    307 |                         </Label>
    308 |                         <span className="text-sm text-muted-foreground">
  > 309 |                           {(value * 100).toFixed(1)}%
        |                             ^^^^^
    310 |                         </span>
    311 |                       </div>
    312 |                       <Slider

ERROR in src/components/settings/ScoringWeightsSettings.tsx:313:33
TS18046: 'value' is of type 'unknown'.
    311 |                       </div>
    312 |                       <Slider
  > 313 |                         value={[value * 100]}
        |                                 ^^^^^
    314 |                         onValueChange={([v]) => handleComplianceWeightChange(key, v)}
    315 |                         min={0}
    316 |                         max={100}

ERROR in src/components/settings/ScoringWeightsSettings.tsx:66:61
TS2339: Property 'compliance_weights' does not exist on type '{ enabled: boolean; weights: ScoringWeights; game_score_normalization?: GameScoreNormalization | undefined; }'.
    64 |   
    65 |   // Compliance Score sub-component weights (default: equal weighting)
  > 66 |   const complianceWeights = sessionParams.enhanced_scoring?.compliance_weights || {
       |                                                             ^^^^^^^^^^^^^^^^^^
    67 |     completion: 1/3,    // Completion Rate
    68 |     intensity: 1/3,     // Intensity Rate (≥75% MVC)
    69 |     duration: 1/3       // Duration Rate (≥2s)

ERROR in src/components/settings/ScoringWeightsSettings.tsx:309:29
TS18046: 'value' is of type 'unknown'.
    307 |                         </Label>
    308 |                         <span className="text-sm text-muted-foreground">
  > 309 |                           {(value * 100).toFixed(1)}%
        |                             ^^^^^
    310 |                         </span>
    311 |                       </div>
    312 |                       <Slider

ERROR in src/components/settings/ScoringWeightsSettings.tsx:313:33
TS18046: 'value' is of type 'unknown'.
    311 |                       </div>
    312 |                       <Slider
  > 313 |                         value={[value * 100]}
        |                                 ^^^^^
    314 |                         onValueChange={([v]) => handleComplianceWeightChange(key, v)}
    315 |                         min={0}
    316 |                         max={100}

ERROR in src/components/sessions/performance-card.tsx:4:37
TS2307: Cannot find module './performance/EnhancedPerformanceCard' or its corresponding type declarations.
    2 | import MusclePerformanceCard from './performance/MusclePerformanceCard';
    3 | import OverallPerformanceCard from './performance/OverallPerformanceCard';
  > 4 | import EnhancedPerformanceCard from './performance/EnhancedPerformanceCard';
      |                                     ^^^^^^^^^^^^^^^^^^^^^^^^^^^^^^^^^^^^^^^
    5 | import MuscleSymmetryCard from './performance/MuscleSymmetryCard';
    6 | import SubjectiveFatigueCard from './performance/SubjectiveFatigueCard';
    7 | import GHOSTLYGameCard from './performance/GHOSTLYGameCard';

ERROR in src/components/settings/ScoringWeightsSettings.tsx:66:61
TS2339: Property 'compliance_weights' does not exist on type '{ enabled: boolean; weights: ScoringWeights; game_score_normalization?: GameScoreNormalization | undefined; }'.
    64 |   
    65 |   // Compliance Score sub-component weights (default: equal weighting)
  > 66 |   const complianceWeights = sessionParams.enhanced_scoring?.compliance_weights || {
       |                                                             ^^^^^^^^^^^^^^^^^^
    67 |     completion: 1/3,    // Completion Rate
    68 |     intensity: 1/3,     // Intensity Rate (≥75% MVC)
    69 |     duration: 1/3       // Duration Rate (≥2s)

ERROR in src/components/settings/ScoringWeightsSettings.tsx:309:29
TS18046: 'value' is of type 'unknown'.
    307 |                         </Label>
    308 |                         <span className="text-sm text-muted-foreground">
  > 309 |                           {(value * 100).toFixed(1)}%
        |                             ^^^^^
    310 |                         </span>
    311 |                       </div>
    312 |                       <Slider

ERROR in src/components/settings/ScoringWeightsSettings.tsx:313:33
TS18046: 'value' is of type 'unknown'.
    311 |                       </div>
    312 |                       <Slider
  > 313 |                         value={[value * 100]}
        |                                 ^^^^^
    314 |                         onValueChange={([v]) => handleComplianceWeightChange(key, v)}
    315 |                         min={0}
    316 |                         max={100}

ERROR in src/components/sessions/performance-card.tsx:4:37
TS2307: Cannot find module './performance/EnhancedPerformanceCard' or its corresponding type declarations.
    2 | import MusclePerformanceCard from './performance/MusclePerformanceCard';
    3 | import OverallPerformanceCard from './performance/OverallPerformanceCard';
  > 4 | import EnhancedPerformanceCard from './performance/EnhancedPerformanceCard';
      |                                     ^^^^^^^^^^^^^^^^^^^^^^^^^^^^^^^^^^^^^^^
    5 | import MuscleSymmetryCard from './performance/MuscleSymmetryCard';
    6 | import SubjectiveFatigueCard from './performance/SubjectiveFatigueCard';
    7 | import GHOSTLYGameCard from './performance/GHOSTLYGameCard';

ERROR in src/components/settings/ScoringWeightsSettings.tsx:66:61
TS2339: Property 'compliance_weights' does not exist on type '{ enabled: boolean; weights: ScoringWeights; game_score_normalization?: GameScoreNormalization | undefined; }'.
    64 |   
    65 |   // Compliance Score sub-component weights (default: equal weighting)
  > 66 |   const complianceWeights = sessionParams.enhanced_scoring?.compliance_weights || {
       |                                                             ^^^^^^^^^^^^^^^^^^
    67 |     completion: 1/3,    // Completion Rate
    68 |     intensity: 1/3,     // Intensity Rate (≥75% MVC)
    69 |     duration: 1/3       // Duration Rate (≥2s)

ERROR in src/components/settings/ScoringWeightsSettings.tsx:309:29
TS18046: 'value' is of type 'unknown'.
    307 |                         </Label>
    308 |                         <span className="text-sm text-muted-foreground">
  > 309 |                           {(value * 100).toFixed(1)}%
        |                             ^^^^^
    310 |                         </span>
    311 |                       </div>
    312 |                       <Slider

ERROR in src/components/settings/ScoringWeightsSettings.tsx:313:33
TS18046: 'value' is of type 'unknown'.
    311 |                       </div>
    312 |                       <Slider
  > 313 |                         value={[value * 100]}
        |                                 ^^^^^
    314 |                         onValueChange={([v]) => handleComplianceWeightChange(key, v)}
    315 |                         min={0}
    316 |                         max={100}

ERROR in src/components/sessions/performance-card.tsx:38:13
TS2304: Cannot find name 'EnhancedPerformanceCard'.
    36 |   // Si le scoring avancé est activé, utiliser le nouveau composant
    37 |   if (isEnhancedScoringEnabled) {
  > 38 |     return <EnhancedPerformanceCard analysisResult={analysisResult} />;
       |             ^^^^^^^^^^^^^^^^^^^^^^^
    39 |   }
    40 |
    41 |   // Calculate therapeutic compliance from muscle data

ERROR in src/components/settings/ScoringWeightsSettings.tsx:66:61
TS2339: Property 'compliance_weights' does not exist on type '{ enabled: boolean; weights: ScoringWeights; game_score_normalization?: GameScoreNormalization | undefined; }'.
    64 |   
    65 |   // Compliance Score sub-component weights (default: equal weighting)
  > 66 |   const complianceWeights = sessionParams.enhanced_scoring?.compliance_weights || {
       |                                                             ^^^^^^^^^^^^^^^^^^
    67 |     completion: 1/3,    // Completion Rate
    68 |     intensity: 1/3,     // Intensity Rate (≥75% MVC)
    69 |     duration: 1/3       // Duration Rate (≥2s)

ERROR in src/components/settings/ScoringWeightsSettings.tsx:309:29
TS18046: 'value' is of type 'unknown'.
    307 |                         </Label>
    308 |                         <span className="text-sm text-muted-foreground">
  > 309 |                           {(value * 100).toFixed(1)}%
        |                             ^^^^^
    310 |                         </span>
    311 |                       </div>
    312 |                       <Slider

ERROR in src/components/settings/ScoringWeightsSettings.tsx:313:33
TS18046: 'value' is of type 'unknown'.
    311 |                       </div>
    312 |                       <Slider
  > 313 |                         value={[value * 100]}
        |                                 ^^^^^
    314 |                         onValueChange={([v]) => handleComplianceWeightChange(key, v)}
    315 |                         min={0}
    316 |                         max={100}

ERROR in src/components/settings/ScoringWeightsSettings.tsx:66:61
TS2339: Property 'compliance_weights' does not exist on type '{ enabled: boolean; weights: ScoringWeights; game_score_normalization?: GameScoreNormalization | undefined; }'.
    64 |   
    65 |   // Compliance Score sub-component weights (default: equal weighting)
  > 66 |   const complianceWeights = sessionParams.enhanced_scoring?.compliance_weights || {
       |                                                             ^^^^^^^^^^^^^^^^^^
    67 |     completion: 1/3,    // Completion Rate
    68 |     intensity: 1/3,     // Intensity Rate (≥75% MVC)
    69 |     duration: 1/3       // Duration Rate (≥2s)

ERROR in src/components/settings/ScoringWeightsSettings.tsx:309:29
TS18046: 'value' is of type 'unknown'.
    307 |                         </Label>
    308 |                         <span className="text-sm text-muted-foreground">
  > 309 |                           {(value * 100).toFixed(1)}%
        |                             ^^^^^
    310 |                         </span>
    311 |                       </div>
    312 |                       <Slider

ERROR in src/components/settings/ScoringWeightsSettings.tsx:313:33
TS18046: 'value' is of type 'unknown'.
    311 |                       </div>
    312 |                       <Slider
  > 313 |                         value={[value * 100]}
        |                                 ^^^^^
    314 |                         onValueChange={([v]) => handleComplianceWeightChange(key, v)}
    315 |                         min={0}
    316 |                         max={100}

ERROR in src/components/settings/ScoringWeightsSettings.tsx:309:29
TS18046: 'value' is of type 'unknown'.
    307 |                         </Label>
    308 |                         <span className="text-sm text-muted-foreground">
  > 309 |                           {(value * 100).toFixed(1)}%
        |                             ^^^^^
    310 |                         </span>
    311 |                       </div>
    312 |                       <Slider

ERROR in src/components/settings/ScoringWeightsSettings.tsx:313:33
TS18046: 'value' is of type 'unknown'.
    311 |                       </div>
    312 |                       <Slider
  > 313 |                         value={[value * 100]}
        |                                 ^^^^^
    314 |                         onValueChange={([v]) => handleComplianceWeightChange(key, v)}
    315 |                         min={0}
    316 |                         max={100}

ERROR in src/components/settings/ScoringWeightsSettings.tsx:310:29
TS18046: 'value' is of type 'unknown'.
    308 |                         </Label>
    309 |                         <span className="text-sm text-muted-foreground">
  > 310 |                           {(value * 100).toFixed(1)}%
        |                             ^^^^^
    311 |                         </span>
    312 |                       </div>
    313 |                       <Slider

ERROR in src/components/settings/ScoringWeightsSettings.tsx:314:33
TS18046: 'value' is of type 'unknown'.
    312 |                       </div>
    313 |                       <Slider
  > 314 |                         value={[value * 100]}
        |                                 ^^^^^
    315 |                         onValueChange={([v]) => handleComplianceWeightChange(key, v)}
    316 |                         min={0}
    317 |                         max={100}

ERROR in src/components/sessions/performance/GHOSTLYGameCard.tsx:25:5
TS2657: JSX expressions must have one parent element.
    23 |
    24 |   return (
  > 25 |     <Card className="bg-white shadow-sm hover:shadow-md transition-shadow duration-300">
       |     ^^^^^^^^^^^^^^^^^^^^^^^^^^^^^^^^^^^^^^^^^^^^^^^^^^^^^^^^^^^^^^^^^^^^^^^^^^^^^^^^^^^^
  > 26 |         <CardHeader className="flex flex-row items-center justify-between pb-2">
       | ^^^^^^^^^^^^^^^^^^^^^^^^^^^^^^^^^^^^^^^^^^^^^^^^^^^^^^^^^^^^^^^^^^^^^^^^^^^^^^^^
  > 27 |           <div>
       | ^^^^^^^^^^^^^^^^^^^^^^^^^^^^^^^^^^^^^^^^^^^^^^^^^^^^^^^^^^^^^^^^^^^^^^^^^^^^^^^^
  > 28 |             <CardTitle className="text-lg font-semibold flex items-center text-gray-800">
       | ^^^^^^^^^^^^^^^^^^^^^^^^^^^^^^^^^^^^^^^^^^^^^^^^^^^^^^^^^^^^^^^^^^^^^^^^^^^^^^^^
  > 29 |               <svg className="h-5 w-5 mr-2 text-blue-500" fill="none" viewBox="0 0 24 24" stroke="currentColor">
       | ^^^^^^^^^^^^^^^^^^^^^^^^^^^^^^^^^^^^^^^^^^^^^^^^^^^^^^^^^^^^^^^^^^^^^^^^^^^^^^^^
  > 30 |                 <path strokeLinecap="round" strokeLinejoin="round" strokeWidth={2} d="M11 4a2 2 0 114 0v1a1 1 0 001 1h3a1 1 0 011 1v3a1 1 0 01-1 1h-1a2 2 0 100 4h1a1 1 0 011 1v3a1 1 0 01-1 1h-3a1 1 0 01-1-1v-1a2 2 0 10-4 0v1a1 1 0 01-1 1H7a1 1 0 01-1-1v-3a1 1 0 011-1h1a2 2 0 100-4H7a1 1 0 01-1-1V7a1 1 0 011-1h3a1 1 0 001-1V4z" />
       | ^^^^^^^^^^^^^^^^^^^^^^^^^^^^^^^^^^^^^^^^^^^^^^^^^^^^^^^^^^^^^^^^^^^^^^^^^^^^^^^^
  > 31 |               </svg>
       | ^^^^^^^^^^^^^^^^^^^^^^^^^^^^^^^^^^^^^^^^^^^^^^^^^^^^^^^^^^^^^^^^^^^^^^^^^^^^^^^^
  > 32 |               GHOSTLY Score
       | ^^^^^^^^^^^^^^^^^^^^^^^^^^^^^^^^^^^^^^^^^^^^^^^^^^^^^^^^^^^^^^^^^^^^^^^^^^^^^^^^
  > 33 |               <div className="ml-2">
       | ^^^^^^^^^^^^^^^^^^^^^^^^^^^^^^^^^^^^^^^^^^^^^^^^^^^^^^^^^^^^^^^^^^^^^^^^^^^^^^^^
  > 34 |                 <GHOSTLYScoreTooltip 
       | ^^^^^^^^^^^^^^^^^^^^^^^^^^^^^^^^^^^^^^^^^^^^^^^^^^^^^^^^^^^^^^^^^^^^^^^^^^^^^^^^
  > 35 |                   gameScore={gameScore}
       | ^^^^^^^^^^^^^^^^^^^^^^^^^^^^^^^^^^^^^^^^^^^^^^^^^^^^^^^^^^^^^^^^^^^^^^^^^^^^^^^^
  > 36 |                   gameLevel={gameLevel}
       | ^^^^^^^^^^^^^^^^^^^^^^^^^^^^^^^^^^^^^^^^^^^^^^^^^^^^^^^^^^^^^^^^^^^^^^^^^^^^^^^^
  > 37 |                   normalizedScore={normalizedScore}
       | ^^^^^^^^^^^^^^^^^^^^^^^^^^^^^^^^^^^^^^^^^^^^^^^^^^^^^^^^^^^^^^^^^^^^^^^^^^^^^^^^
  > 38 |                   showExperimental={showExperimental}
       | ^^^^^^^^^^^^^^^^^^^^^^^^^^^^^^^^^^^^^^^^^^^^^^^^^^^^^^^^^^^^^^^^^^^^^^^^^^^^^^^^
  > 39 |                 />
       | ^^^^^^^^^^^^^^^^^^^^^^^^^^^^^^^^^^^^^^^^^^^^^^^^^^^^^^^^^^^^^^^^^^^^^^^^^^^^^^^^
  > 40 |               </div>
       | ^^^^^^^^^^^^^^^^^^^^^^^^^^^^^^^^^^^^^^^^^^^^^^^^^^^^^^^^^^^^^^^^^^^^^^^^^^^^^^^^
  > 41 |             </CardTitle>
       | ^^^^^^^^^^^^^^^^^^^^^^^^^^^^^^^^^^^^^^^^^^^^^^^^^^^^^^^^^^^^^^^^^^^^^^^^^^^^^^^^
  > 42 |           </div>
       | ^^^^^^^^^^^^^^^^^^^^^^^^^^^^^^^^^^^^^^^^^^^^^^^^^^^^^^^^^^^^^^^^^^^^^^^^^^^^^^^^
  > 43 |           <div className="text-right"
       | ^^^^^^^^^^^^^^^^^^^^^^^^^^^^^^^^^^^^^^^^^^^^^^^^^^^^^^^^^^^^^^^^^^^^^^^^^^^^^^^^
  > 44 |             <div className={`text-xl font-bold ${scoreColors.text}`}>
       | ^^^^^^^^^^^^^^^^^^^^^^^^^^^^^^^^^^^^^^^^^^^^^^^^^^^^^^^^^^^^^^^^^^^^^^^^^^^^^^^^
  > 45 |               {Math.round(normalizedScore)}%
       | ^^^^^^^^^^^^^^^^^^^^^^^^^^^^^^^^^^^^^^^^^^^^^^^^^^^^^^^^^^^^^^^^^^^^^^^^^^^^^^^^
  > 46 |             </div>
       | ^^^^^^^^^^^^^^^^^^^^^^^^^^^^^^^^^^^^^^^^^^^^^^^^^^^^^^^^^^^^^^^^^^^^^^^^^^^^^^^^
  > 47 |             <div className="text-xs text-gray-500 mt-0.5">
       | ^^^^^^^^^^^^^^^^^^^^^^^^^^^^^^^^^^^^^^^^^^^^^^^^^^^^^^^^^^^^^^^^^^^^^^^^^^^^^^^^
  > 48 |               {gameScore} pts
       | ^^^^^^^^^^^^^^^^^^^^^^^^^^^^^^^^^^^^^^^^^^^^^^^^^^^^^^^^^^^^^^^^^^^^^^^^^^^^^^^^
  > 49 |             </div>
       | ^^^^^^^^^^^^^^^^^^^^^^^^^^^^^^^^^^^^^^^^^^^^^^^^^^^^^^^^^^^^^^^^^^^^^^^^^^^^^^^^
  > 50 |           </div>
       | ^^^^^^^^^^^^^^^^^^^^^^^^^^^^^^^^^^^^^^^^^^^^^^^^^^^^^^^^^^^^^^^^^^^^^^^^^^^^^^^^
  > 51 |         </CardHeader>
       | ^^^^^^^^^^^^^^^^^^^^^^^^^^^^^^^^^^^^^^^^^^^^^^^^^^^^^^^^^^^^^^^^^^^^^^^^^^^^^^^^
  > 52 |         <CardContent>
       | ^^^^^^^^^^^^^^^^^^^^^^^^^^^^^^^^^^^^^^^^^^^^^^^^^^^^^^^^^^^^^^^^^^^^^^^^^^^^^^^^
  > 53 |           <Progress 
       | ^^^^^^^^^^^^^^^^^^^^^^^^^^^^^^^^^^^^^^^^^^^^^^^^^^^^^^^^^^^^^^^^^^^^^^^^^^^^^^^^
  > 54 |             value={normalizedScore} 
       | ^^^^^^^^^^^^^^^^^^^^^^^^^^^^^^^^^^^^^^^^^^^^^^^^^^^^^^^^^^^^^^^^^^^^^^^^^^^^^^^^
  > 55 |             className="h-2" 
       | ^^^^^^^^^^^^^^^^^^^^^^^^^^^^^^^^^^^^^^^^^^^^^^^^^^^^^^^^^^^^^^^^^^^^^^^^^^^^^^^^
  > 56 |             indicatorClassName={scoreColors.bg}
       | ^^^^^^^^^^^^^^^^^^^^^^^^^^^^^^^^^^^^^^^^^^^^^^^^^^^^^^^^^^^^^^^^^^^^^^^^^^^^^^^^
  > 57 |           />
       | ^^^^^^^^^^^^^^^^^^^^^^^^^^^^^^^^^^^^^^^^^^^^^^^^^^^^^^^^^^^^^^^^^^^^^^^^^^^^^^^^
  > 58 |           <div className="flex justify-between text-xs text-gray-500 mt-1">
       | ^^^^^^^^^^^^^^^^^^^^^^^^^^^^^^^^^^^^^^^^^^^^^^^^^^^^^^^^^^^^^^^^^^^^^^^^^^^^^^^^
  > 59 |             <span>Low Engagement</span>
       | ^^^^^^^^^^^^^^^^^^^^^^^^^^^^^^^^^^^^^^^^^^^^^^^^^^^^^^^^^^^^^^^^^^^^^^^^^^^^^^^^
  > 60 |             <span>High Engagement</span>
       | ^^^^^^^^^^^^^^^^^^^^^^^^^^^^^^^^^^^^^^^^^^^^^^^^^^^^^^^^^^^^^^^^^^^^^^^^^^^^^^^^
  > 61 |           </div>
       | ^^^^^^^^^^^^^^^^^^^^^^^^^^^^^^^^^^^^^^^^^^^^^^^^^^^^^^^^^^^^^^^^^^^^^^^^^^^^^^^^
  > 62 |           {gameLevel ? (
       | ^^^^^^^^^^^^^^^^^^^^^^^^^^^^^^^^^^^^^^^^^^^^^^^^^^^^^^^^^^^^^^^^^^^^^^^^^^^^^^^^
  > 63 |             <p className="text-sm text-gray-500 text-center mt-2">Level {gameLevel} • {scoreColors.label}</p>
       | ^^^^^^^^^^^^^^^^^^^^^^^^^^^^^^^^^^^^^^^^^^^^^^^^^^^^^^^^^^^^^^^^^^^^^^^^^^^^^^^^
  > 64 |           ) : (
       | ^^^^^^^^^^^^^^^^^^^^^^^^^^^^^^^^^^^^^^^^^^^^^^^^^^^^^^^^^^^^^^^^^^^^^^^^^^^^^^^^
  > 65 |             <p className="text-sm text-gray-500 text-center mt-2">{scoreColors.label}</p>
       | ^^^^^^^^^^^^^^^^^^^^^^^^^^^^^^^^^^^^^^^^^^^^^^^^^^^^^^^^^^^^^^^^^^^^^^^^^^^^^^^^
  > 66 |           )}
       | ^^^^^^^^^^^^^^^^^^^^^^^^^^^^^^^^^^^^^^^^^^^^^^^^^^^^^^^^^^^^^^^^^^^^^^^^^^^^^^^^
  > 67 |         </CardContent>
       | ^^^^^^^^^^^^^^^^^^^^^^^
    68 |       </Card>
    69 |   );
    70 | };

ERROR in src/components/sessions/performance/GHOSTLYGameCard.tsx:44:13
TS1003: Identifier expected.
    42 |           </div>
    43 |           <div className="text-right"
  > 44 |             <div className={`text-xl font-bold ${scoreColors.text}`}>
       |             ^
    45 |               {Math.round(normalizedScore)}%
    46 |             </div>
    47 |             <div className="text-xs text-gray-500 mt-0.5">

ERROR in src/components/sessions/performance/GHOSTLYGameCard.tsx:50:13
TS17002: Expected corresponding JSX closing tag for 'CardHeader'.
    48 |               {gameScore} pts
    49 |             </div>
  > 50 |           </div>
       |             ^^^
    51 |         </CardHeader>
    52 |         <CardContent>
    53 |           <Progress 

ERROR in src/components/sessions/performance/GHOSTLYGameCard.tsx:51:11
TS17002: Expected corresponding JSX closing tag for 'Card'.
    49 |             </div>
    50 |           </div>
  > 51 |         </CardHeader>
       |           ^^^^^^^^^^
    52 |         <CardContent>
    53 |           <Progress 
    54 |             value={normalizedScore} 

ERROR in src/components/sessions/performance/GHOSTLYGameCard.tsx:68:7
TS1005: ')' expected.
    66 |           )}
    67 |         </CardContent>
  > 68 |       </Card>
       |       ^^
    69 |   );
    70 | };
    71 |

ERROR in src/components/sessions/performance/GHOSTLYGameCard.tsx:69:3
TS1109: Expression expected.
    67 |         </CardContent>
    68 |       </Card>
  > 69 |   );
       |   ^
    70 | };
    71 |
    72 | export default GHOSTLYGameCard;

ERROR in src/components/sessions/performance/GHOSTLYGameCard.tsx:70:1
TS1128: Declaration or statement expected.
    68 |       </Card>
    69 |   );
  > 70 | };
       | ^
    71 |
    72 | export default GHOSTLYGameCard;

ERROR in src/components/sessions/performance/GHOSTLYGameCard.tsx
TS1002: Unterminated string literal.

ERROR in src/components/sessions/performance/GHOSTLYGameCard.tsx:25:5
TS2657: JSX expressions must have one parent element.
    23 |
    24 |   return (
  > 25 |     <Card className="bg-white shadow-sm hover:shadow-md transition-shadow duration-300">
       |     ^^^^^^^^^^^^^^^^^^^^^^^^^^^^^^^^^^^^^^^^^^^^^^^^^^^^^^^^^^^^^^^^^^^^^^^^^^^^^^^^^^^^
  > 26 |         <CardHeader className="flex flex-row items-center justify-between pb-2">
       | ^^^^^^^^^^^^^^^^^^^^^^^^^^^^^^^^^^^^^^^^^^^^^^^^^^^^^^^^^^^^^^^^^^^^^^^^^^^^^^^^
  > 27 |           <div>
       | ^^^^^^^^^^^^^^^^^^^^^^^^^^^^^^^^^^^^^^^^^^^^^^^^^^^^^^^^^^^^^^^^^^^^^^^^^^^^^^^^
  > 28 |             <CardTitle className="text-lg font-semibold flex items-center text-gray-800">
       | ^^^^^^^^^^^^^^^^^^^^^^^^^^^^^^^^^^^^^^^^^^^^^^^^^^^^^^^^^^^^^^^^^^^^^^^^^^^^^^^^
  > 29 |               <svg className="h-5 w-5 mr-2 text-blue-500" fill="none" viewBox="0 0 24 24" stroke="currentColor">
       | ^^^^^^^^^^^^^^^^^^^^^^^^^^^^^^^^^^^^^^^^^^^^^^^^^^^^^^^^^^^^^^^^^^^^^^^^^^^^^^^^
  > 30 |                 <path strokeLinecap="round" strokeLinejoin="round" strokeWidth={2} d="M11 4a2 2 0 114 0v1a1 1 0 001 1h3a1 1 0 011 1v3a1 1 0 01-1 1h-1a2 2 0 100 4h1a1 1 0 011 1v3a1 1 0 01-1 1h-3a1 1 0 01-1-1v-1a2 2 0 10-4 0v1a1 1 0 01-1 1H7a1 1 0 01-1-1v-3a1 1 0 011-1h1a2 2 0 100-4H7a1 1 0 01-1-1V7a1 1 0 011-1h3a1 1 0 001-1V4z" />
       | ^^^^^^^^^^^^^^^^^^^^^^^^^^^^^^^^^^^^^^^^^^^^^^^^^^^^^^^^^^^^^^^^^^^^^^^^^^^^^^^^
  > 31 |               </svg>
       | ^^^^^^^^^^^^^^^^^^^^^^^^^^^^^^^^^^^^^^^^^^^^^^^^^^^^^^^^^^^^^^^^^^^^^^^^^^^^^^^^
  > 32 |               GHOSTLY Score
       | ^^^^^^^^^^^^^^^^^^^^^^^^^^^^^^^^^^^^^^^^^^^^^^^^^^^^^^^^^^^^^^^^^^^^^^^^^^^^^^^^
  > 33 |               <div className="ml-2">
       | ^^^^^^^^^^^^^^^^^^^^^^^^^^^^^^^^^^^^^^^^^^^^^^^^^^^^^^^^^^^^^^^^^^^^^^^^^^^^^^^^
  > 34 |                 <GHOSTLYScoreTooltip 
       | ^^^^^^^^^^^^^^^^^^^^^^^^^^^^^^^^^^^^^^^^^^^^^^^^^^^^^^^^^^^^^^^^^^^^^^^^^^^^^^^^
  > 35 |                   gameScore={gameScore}
       | ^^^^^^^^^^^^^^^^^^^^^^^^^^^^^^^^^^^^^^^^^^^^^^^^^^^^^^^^^^^^^^^^^^^^^^^^^^^^^^^^
  > 36 |                   gameLevel={gameLevel}
       | ^^^^^^^^^^^^^^^^^^^^^^^^^^^^^^^^^^^^^^^^^^^^^^^^^^^^^^^^^^^^^^^^^^^^^^^^^^^^^^^^
  > 37 |                   normalizedScore={normalizedScore}
       | ^^^^^^^^^^^^^^^^^^^^^^^^^^^^^^^^^^^^^^^^^^^^^^^^^^^^^^^^^^^^^^^^^^^^^^^^^^^^^^^^
  > 38 |                   showExperimental={showExperimental}
       | ^^^^^^^^^^^^^^^^^^^^^^^^^^^^^^^^^^^^^^^^^^^^^^^^^^^^^^^^^^^^^^^^^^^^^^^^^^^^^^^^
  > 39 |                 />
       | ^^^^^^^^^^^^^^^^^^^^^^^^^^^^^^^^^^^^^^^^^^^^^^^^^^^^^^^^^^^^^^^^^^^^^^^^^^^^^^^^
  > 40 |               </div>
       | ^^^^^^^^^^^^^^^^^^^^^^^^^^^^^^^^^^^^^^^^^^^^^^^^^^^^^^^^^^^^^^^^^^^^^^^^^^^^^^^^
  > 41 |             </CardTitle>
       | ^^^^^^^^^^^^^^^^^^^^^^^^^^^^^^^^^^^^^^^^^^^^^^^^^^^^^^^^^^^^^^^^^^^^^^^^^^^^^^^^
  > 42 |           </div>
       | ^^^^^^^^^^^^^^^^^^^^^^^^^^^^^^^^^^^^^^^^^^^^^^^^^^^^^^^^^^^^^^^^^^^^^^^^^^^^^^^^
  > 43 |           <div className="text-right""
       | ^^^^^^^^^^^^^^^^^^^^^^^^^^^^^^^^^^^^^^^^^^^^^^^^^^^^^^^^^^^^^^^^^^^^^^^^^^^^^^^^
  > 44 |             <div className={`text-xl font-bold ${scoreColors.text}`}>
       | ^^^^^^^^^^^^^^^^^^^^^^^^^^^^^^^^^^^^^^^^^^^^^^^^^^^^^^^^^^^^^^^^^^^^^^^^^^^^^^^^
  > 45 |               {Math.round(normalizedScore)}%
       | ^^^^^^^^^^^^^^^^^^^^^^^^^^^^^^^^^^^^^^^^^^^^^^^^^^^^^^^^^^^^^^^^^^^^^^^^^^^^^^^^
  > 46 |             </div>
       | ^^^^^^^^^^^^^^^^^^^^^^^^^^^^^^^^^^^^^^^^^^^^^^^^^^^^^^^^^^^^^^^^^^^^^^^^^^^^^^^^
  > 47 |             <div className="text-xs text-gray-500 mt-0.5">
       | ^^^^^^^^^^^^^^^^^^^^^^^^^^^^^^^^^^^^^^^^^^^^^^^^^^^^^^^^^^^^^^^^^^^^^^^^^^^^^^^^
  > 48 |               {gameScore} pts
       | ^^^^^^^^^^^^^^^^^^^^^^^^^^^^^^^^^^^^^^^^^^^^^^^^^^^^^^^^^^^^^^^^^^^^^^^^^^^^^^^^
  > 49 |             </div>
       | ^^^^^^^^^^^^^^^^^^^^^^^^^^^^^^^^^^^^^^^^^^^^^^^^^^^^^^^^^^^^^^^^^^^^^^^^^^^^^^^^
  > 50 |           </div>
       | ^^^^^^^^^^^^^^^^^^^^^^^^^^^^^^^^^^^^^^^^^^^^^^^^^^^^^^^^^^^^^^^^^^^^^^^^^^^^^^^^
  > 51 |         </CardHeader>
       | ^^^^^^^^^^^^^^^^^^^^^^^^^^^^^^^^^^^^^^^^^^^^^^^^^^^^^^^^^^^^^^^^^^^^^^^^^^^^^^^^
  > 52 |         <CardContent>
       | ^^^^^^^^^^^^^^^^^^^^^^^^^^^^^^^^^^^^^^^^^^^^^^^^^^^^^^^^^^^^^^^^^^^^^^^^^^^^^^^^
  > 53 |           <Progress 
       | ^^^^^^^^^^^^^^^^^^^^^^^^^^^^^^^^^^^^^^^^^^^^^^^^^^^^^^^^^^^^^^^^^^^^^^^^^^^^^^^^
  > 54 |             value={normalizedScore} 
       | ^^^^^^^^^^^^^^^^^^^^^^^^^^^^^^^^^^^^^^^^^^^^^^^^^^^^^^^^^^^^^^^^^^^^^^^^^^^^^^^^
  > 55 |             className="h-2" 
       | ^^^^^^^^^^^^^^^^^^^^^^^^^^^^^^^^^^^^^^^^^^^^^^^^^^^^^^^^^^^^^^^^^^^^^^^^^^^^^^^^
  > 56 |             indicatorClassName={scoreColors.bg}
       | ^^^^^^^^^^^^^^^^^^^^^^^^^^^^^^^^^^^^^^^^^^^^^^^^^^^^^^^^^^^^^^^^^^^^^^^^^^^^^^^^
  > 57 |           />
       | ^^^^^^^^^^^^^^^^^^^^^^^^^^^^^^^^^^^^^^^^^^^^^^^^^^^^^^^^^^^^^^^^^^^^^^^^^^^^^^^^
  > 58 |           <div className="flex justify-between text-xs text-gray-500 mt-1">
       | ^^^^^^^^^^^^^^^^^^^^^^^^^^^^^^^^^^^^^^^^^^^^^^^^^^^^^^^^^^^^^^^^^^^^^^^^^^^^^^^^
  > 59 |             <span>Low Engagement</span>
       | ^^^^^^^^^^^^^^^^^^^^^^^^^^^^^^^^^^^^^^^^^^^^^^^^^^^^^^^^^^^^^^^^^^^^^^^^^^^^^^^^
  > 60 |             <span>High Engagement</span>
       | ^^^^^^^^^^^^^^^^^^^^^^^^^^^^^^^^^^^^^^^^^^^^^^^^^^^^^^^^^^^^^^^^^^^^^^^^^^^^^^^^
  > 61 |           </div>
       | ^^^^^^^^^^^^^^^^^^^^^^^^^^^^^^^^^^^^^^^^^^^^^^^^^^^^^^^^^^^^^^^^^^^^^^^^^^^^^^^^
  > 62 |           {gameLevel ? (
       | ^^^^^^^^^^^^^^^^^^^^^^^^^^^^^^^^^^^^^^^^^^^^^^^^^^^^^^^^^^^^^^^^^^^^^^^^^^^^^^^^
  > 63 |             <p className="text-sm text-gray-500 text-center mt-2">Level {gameLevel} • {scoreColors.label}</p>
       | ^^^^^^^^^^^^^^^^^^^^^^^^^^^^^^^^^^^^^^^^^^^^^^^^^^^^^^^^^^^^^^^^^^^^^^^^^^^^^^^^
  > 64 |           ) : (
       | ^^^^^^^^^^^^^^^^^^^^^^^^^^^^^^^^^^^^^^^^^^^^^^^^^^^^^^^^^^^^^^^^^^^^^^^^^^^^^^^^
  > 65 |             <p className="text-sm text-gray-500 text-center mt-2">{scoreColors.label}</p>
       | ^^^^^^^^^^^^^^^^^^^^^^^^^^^^^^^^^^^^^^^^^^^^^^^^^^^^^^^^^^^^^^^^^^^^^^^^^^^^^^^^
  > 66 |           )}
       | ^^^^^^^^^^^^^^^^^^^^^^^^^^^^^^^^^^^^^^^^^^^^^^^^^^^^^^^^^^^^^^^^^^^^^^^^^^^^^^^^
  > 67 |         </CardContent>
       | ^^^^^^^^^^^^^^^^^^^^^^^
    68 |       </Card>
    69 |   );
    70 | };

ERROR in src/components/sessions/performance/GHOSTLYGameCard.tsx:43:38
TS1003: Identifier expected.
    41 |             </CardTitle>
    42 |           </div>
  > 43 |           <div className="text-right""
       |                                      ^
    44 |             <div className={`text-xl font-bold ${scoreColors.text}`}>
    45 |               {Math.round(normalizedScore)}%
    46 |             </div>

ERROR in src/components/sessions/performance/GHOSTLYGameCard.tsx:50:13
TS17002: Expected corresponding JSX closing tag for 'CardHeader'.
    48 |               {gameScore} pts
    49 |             </div>
  > 50 |           </div>
       |             ^^^
    51 |         </CardHeader>
    52 |         <CardContent>
    53 |           <Progress 

ERROR in src/components/sessions/performance/GHOSTLYGameCard.tsx:51:11
TS17002: Expected corresponding JSX closing tag for 'Card'.
    49 |             </div>
    50 |           </div>
  > 51 |         </CardHeader>
       |           ^^^^^^^^^^
    52 |         <CardContent>
    53 |           <Progress 
    54 |             value={normalizedScore} 

ERROR in src/components/sessions/performance/GHOSTLYGameCard.tsx:68:7
TS1005: ')' expected.
    66 |           )}
    67 |         </CardContent>
  > 68 |       </Card>
       |       ^^
    69 |   );
    70 | };
    71 |

ERROR in src/components/sessions/performance/GHOSTLYGameCard.tsx:69:3
TS1109: Expression expected.
    67 |         </CardContent>
    68 |       </Card>
  > 69 |   );
       |   ^
    70 | };
    71 |
    72 | export default GHOSTLYGameCard;

ERROR in src/components/sessions/performance/GHOSTLYGameCard.tsx:70:1
TS1128: Declaration or statement expected.
    68 |       </Card>
    69 |   );
  > 70 | };
       | ^
    71 |
    72 | export default GHOSTLYGameCard;

ERROR in src/components/settings/ScoringWeightsSettings.tsx:11:97
TS2305: Module '"@radix-ui/react-icons"' has no exported member 'FlaskConicalIcon'.
     9 | import { Tooltip, TooltipContent, TooltipProvider, TooltipTrigger } from '@/components/ui/tooltip';
    10 | import { Input } from '@/components/ui/input';
  > 11 | import { InfoCircledIcon, GearIcon, ExclamationTriangleIcon, TargetIcon, HeartIcon, PersonIcon, FlaskConicalIcon } from '@radix-ui/react-icons';
       |                                                                                                 ^^^^^^^^^^^^^^^^
    12 | import { ScoringWeights, GameScoreNormalization } from '@/types/emg';
    13 | import { useSessionStore } from '@/store/sessionStore';
    14 | import { 

ERROR in src/components/settings/ScoringWeightsSettings.tsx:165:12
TS17008: JSX element 'div' has no corresponding closing tag.
    163 |           badge={<Badge variant="outline" className="bg-blue-100 text-blue-800">Debug</Badge>}
    164 |         >
  > 165 |           <div className="space-y-6">
        |            ^^^
    166 |             {/* Mathematical Model Display */}
    167 |             <div className="bg-blue-50 p-4 rounded-lg border border-blue-200">
    168 |               <div className="flex items-center gap-2 mb-3">

ERROR in src/components/settings/ScoringWeightsSettings.tsx:11:97
TS2305: Module '"@radix-ui/react-icons"' has no exported member 'FlaskConicalIcon'.
     9 | import { Tooltip, TooltipContent, TooltipProvider, TooltipTrigger } from '@/components/ui/tooltip';
    10 | import { Input } from '@/components/ui/input';
  > 11 | import { InfoCircledIcon, GearIcon, ExclamationTriangleIcon, TargetIcon, HeartIcon, PersonIcon, FlaskConicalIcon } from '@radix-ui/react-icons';
       |                                                                                                 ^^^^^^^^^^^^^^^^
    12 | import { ScoringWeights, GameScoreNormalization } from '@/types/emg';
    13 | import { useSessionStore } from '@/store/sessionStore';
    14 | import { 

ERROR in src/components/settings/ScoringWeightsSettings.tsx:165:12
TS17008: JSX element 'div' has no corresponding closing tag.
    163 |           badge={<Badge variant="outline" className="bg-blue-100 text-blue-800">Debug</Badge>}
    164 |         >
  > 165 |           <div className="space-y-6">
        |            ^^^
    166 |             {/* Mathematical Model Display */}
    167 |             <div className="bg-blue-50 p-4 rounded-lg border border-blue-200">
    168 |               <div className="flex items-center gap-2 mb-3">

ERROR in src/components/settings/ScoringWeightsSettings.tsx:11:97
TS2305: Module '"@radix-ui/react-icons"' has no exported member 'FlaskConicalIcon'.
     9 | import { Tooltip, TooltipContent, TooltipProvider, TooltipTrigger } from '@/components/ui/tooltip';
    10 | import { Input } from '@/components/ui/input';
  > 11 | import { InfoCircledIcon, GearIcon, ExclamationTriangleIcon, TargetIcon, HeartIcon, PersonIcon, FlaskConicalIcon } from '@radix-ui/react-icons';
       |                                                                                                 ^^^^^^^^^^^^^^^^
    12 | import { ScoringWeights, GameScoreNormalization } from '@/types/emg';
    13 | import { useSessionStore } from '@/store/sessionStore';
    14 | import { 

ERROR in src/components/settings/ScoringWeightsSettings.tsx:165:12
TS17008: JSX element 'div' has no corresponding closing tag.
    163 |           badge={<Badge variant="outline" className="bg-blue-100 text-blue-800">Debug</Badge>}
    164 |         >
  > 165 |           <div className="space-y-6">
        |            ^^^
    166 |             {/* Mathematical Model Display */}
    167 |             <div className="bg-blue-50 p-4 rounded-lg border border-blue-200">
    168 |               <div className="flex items-center gap-2 mb-3">

ERROR in src/components/settings/BFRParametersSettings.tsx:507:10
TS2552: Cannot find name 'Alert'. Did you mean 'alert'?
    505 |         </Tabs>
    506 |         
  > 507 |         <Alert className="border-red-200 bg-red-50">
        |          ^^^^^
    508 |           <HeartIcon className="h-4 w-4 text-red-600" />
    509 |           <AlertDescription className="text-sm text-red-800">
    510 |             <strong>Clinical Note:</strong> BFR parameters are measured during clinical assessment and imported from the GHOSTLY+ mobile app. 

ERROR in src/components/settings/BFRParametersSettings.tsx:509:12
TS2304: Cannot find name 'AlertDescription'.
    507 |         <Alert className="border-red-200 bg-red-50">
    508 |           <HeartIcon className="h-4 w-4 text-red-600" />
  > 509 |           <AlertDescription className="text-sm text-red-800">
        |            ^^^^^^^^^^^^^^^^
    510 |             <strong>Clinical Note:</strong> BFR parameters are measured during clinical assessment and imported from the GHOSTLY+ mobile app. 
    511 |             Debug mode allows manual adjustment for testing. Each muscle group has independent pressure settings and session durations.
    512 |           </AlertDescription>

ERROR in src/components/settings/BFRParametersSettings.tsx:512:13
TS2304: Cannot find name 'AlertDescription'.
    510 |             <strong>Clinical Note:</strong> BFR parameters are measured during clinical assessment and imported from the GHOSTLY+ mobile app. 
    511 |             Debug mode allows manual adjustment for testing. Each muscle group has independent pressure settings and session durations.
  > 512 |           </AlertDescription>
        |             ^^^^^^^^^^^^^^^^
    513 |         </Alert>
    514 |       </div>
    515 |     </UnifiedSettingsCard>

ERROR in src/components/settings/BFRParametersSettings.tsx:513:11
TS2552: Cannot find name 'Alert'. Did you mean 'alert'?
    511 |             Debug mode allows manual adjustment for testing. Each muscle group has independent pressure settings and session durations.
    512 |           </AlertDescription>
  > 513 |         </Alert>
        |           ^^^^^
    514 |       </div>
    515 |     </UnifiedSettingsCard>
    516 |   );

ERROR in src/components/settings/ScoringWeightsSettings.tsx:11:97
TS2305: Module '"@radix-ui/react-icons"' has no exported member 'FlaskConicalIcon'.
     9 | import { Tooltip, TooltipContent, TooltipProvider, TooltipTrigger } from '@/components/ui/tooltip';
    10 | import { Input } from '@/components/ui/input';
  > 11 | import { InfoCircledIcon, GearIcon, ExclamationTriangleIcon, TargetIcon, HeartIcon, PersonIcon, FlaskConicalIcon } from '@radix-ui/react-icons';
       |                                                                                                 ^^^^^^^^^^^^^^^^
    12 | import { ScoringWeights, GameScoreNormalization } from '@/types/emg';
    13 | import { useSessionStore } from '@/store/sessionStore';
    14 | import { 

ERROR in src/components/settings/ScoringWeightsSettings.tsx:165:12
TS17008: JSX element 'div' has no corresponding closing tag.
    163 |           badge={<Badge variant="outline" className="bg-blue-100 text-blue-800">Debug</Badge>}
    164 |         >
  > 165 |           <div className="space-y-6">
        |            ^^^
    166 |             {/* Mathematical Model Display */}
    167 |             <div className="bg-blue-50 p-4 rounded-lg border border-blue-200">
    168 |               <div className="flex items-center gap-2 mb-3">

ERROR in src/components/settings/ScoringWeightsSettings.tsx:11:97
TS2305: Module '"@radix-ui/react-icons"' has no exported member 'FlaskConicalIcon'.
     9 | import { Tooltip, TooltipContent, TooltipProvider, TooltipTrigger } from '@/components/ui/tooltip';
    10 | import { Input } from '@/components/ui/input';
  > 11 | import { InfoCircledIcon, GearIcon, ExclamationTriangleIcon, TargetIcon, HeartIcon, PersonIcon, FlaskConicalIcon } from '@radix-ui/react-icons';
       |                                                                                                 ^^^^^^^^^^^^^^^^
    12 | import { ScoringWeights, GameScoreNormalization } from '@/types/emg';
    13 | import { useSessionStore } from '@/store/sessionStore';
    14 | import { 

ERROR in src/components/settings/ScoringWeightsSettings.tsx:165:12
TS17008: JSX element 'div' has no corresponding closing tag.
    163 |           badge={<Badge variant="outline" className="bg-blue-100 text-blue-800">Debug</Badge>}
    164 |         >
  > 165 |           <div className="space-y-6">
        |            ^^^
    166 |             {/* Mathematical Model Display */}
    167 |             <div className="bg-blue-50 p-4 rounded-lg border border-blue-200">
    168 |               <div className="flex items-center gap-2 mb-3">

ERROR in src/components/settings/ScoringWeightsSettings.tsx:11:97
TS2305: Module '"@radix-ui/react-icons"' has no exported member 'FlaskConicalIcon'.
     9 | import { Tooltip, TooltipContent, TooltipProvider, TooltipTrigger } from '@/components/ui/tooltip';
    10 | import { Input } from '@/components/ui/input';
  > 11 | import { InfoCircledIcon, GearIcon, ExclamationTriangleIcon, TargetIcon, HeartIcon, PersonIcon, FlaskConicalIcon } from '@radix-ui/react-icons';
       |                                                                                                 ^^^^^^^^^^^^^^^^
    12 | import { ScoringWeights, GameScoreNormalization } from '@/types/emg';
    13 | import { useSessionStore } from '@/store/sessionStore';
    14 | import { 

ERROR in src/components/settings/ScoringWeightsSettings.tsx:165:12
TS17008: JSX element 'div' has no corresponding closing tag.
    163 |           badge={<Badge variant="outline" className="bg-blue-100 text-blue-800">Debug</Badge>}
    164 |         >
  > 165 |           <div className="space-y-6">
        |            ^^^
    166 |             {/* Mathematical Model Display */}
    167 |             <div className="bg-blue-50 p-4 rounded-lg border border-blue-200">
    168 |               <div className="flex items-center gap-2 mb-3">

ERROR in src/components/settings/ScoringWeightsSettings.tsx
TS1127: Invalid character.

ERROR in src/components/settings/ScoringWeightsSettings.tsx:11:97
TS2305: Module '"@radix-ui/react-icons"' has no exported member 'FlaskConicalIcon'.
     9 | import { Tooltip, TooltipContent, TooltipProvider, TooltipTrigger } from '@/components/ui/tooltip';
    10 | import { Input } from '@/components/ui/input';
  > 11 | import { InfoCircledIcon, GearIcon, ExclamationTriangleIcon, TargetIcon, HeartIcon, PersonIcon, FlaskConicalIcon } from '@radix-ui/react-icons';
       |                                                                                                 ^^^^^^^^^^^^^^^^
    12 | import { ScoringWeights, GameScoreNormalization } from '@/types/emg';
    13 | import { useSessionStore } from '@/store/sessionStore';
    14 | import { 

ERROR in src/components/settings/ScoringWeightsSettings.tsx:165:12
TS17008: JSX element 'div' has no corresponding closing tag.
    163 |           badge={<Badge variant="outline" className="bg-blue-100 text-blue-800">Debug</Badge>}
    164 |         >
  > 165 |           <div className="space-y-6">
        |            ^^^
    166 |             {/* Mathematical Model Display */}
    167 |             <div className="bg-blue-50 p-4 rounded-lg border border-blue-200">
    168 |               <div className="flex items-center gap-2 mb-3">

ERROR in src/components/settings/ScoringWeightsSettings.tsx:471:10
TS1381: Unexpected token. Did you mean `{'}'}` or `&rbrace;`?
    469 |         )}
    470 |
  > 471 |         )}\n      </div>\n    </TooltipProvider>\n  );
        |          ^
    472 | };
    473 |
    474 | export default ScoringWeightsSettings;

ERROR in src/components/settings/ScoringWeightsSettings.tsx:471:50
TS1434: Unexpected keyword or identifier.
    469 |         )}
    470 |
  > 471 |         )}\n      </div>\n    </TooltipProvider>\n  );
        |                                                  ^
    472 | };
    473 |
    474 | export default ScoringWeightsSettings;

ERROR in src/components/settings/ScoringWeightsSettings.tsx:471:50
TS2304: Cannot find name 'n'.
    469 |         )}
    470 |
  > 471 |         )}\n      </div>\n    </TooltipProvider>\n  );
        |                                                  ^
    472 | };
    473 |
    474 | export default ScoringWeightsSettings;

ERROR in src/components/settings/ScoringWeightsSettings.tsx:471:53
TS1128: Declaration or statement expected.
    469 |         )}
    470 |
  > 471 |         )}\n      </div>\n    </TooltipProvider>\n  );
        |                                                     ^
    472 | };
    473 |
    474 | export default ScoringWeightsSettings;

ERROR in src/components/settings/ScoringWeightsSettings.tsx:11:97
TS2305: Module '"@radix-ui/react-icons"' has no exported member 'FlaskConicalIcon'.
     9 | import { Tooltip, TooltipContent, TooltipProvider, TooltipTrigger } from '@/components/ui/tooltip';
    10 | import { Input } from '@/components/ui/input';
  > 11 | import { InfoCircledIcon, GearIcon, ExclamationTriangleIcon, TargetIcon, HeartIcon, PersonIcon, FlaskConicalIcon } from '@radix-ui/react-icons';
       |                                                                                                 ^^^^^^^^^^^^^^^^
    12 | import { ScoringWeights, GameScoreNormalization } from '@/types/emg';
    13 | import { useSessionStore } from '@/store/sessionStore';
    14 | import { 

ERROR in src/components/settings/ScoringWeightsSettings.tsx:165:12
TS17008: JSX element 'div' has no corresponding closing tag.
    163 |           badge={<Badge variant="outline" className="bg-blue-100 text-blue-800">Debug</Badge>}
    164 |         >
  > 165 |           <div className="space-y-6">
        |            ^^^
    166 |             {/* Mathematical Model Display */}
    167 |             <div className="bg-blue-50 p-4 rounded-lg border border-blue-200">
    168 |               <div className="flex items-center gap-2 mb-3">

ERROR in src/components/settings/ScoringWeightsSettings.tsx:11:97
TS2724: '"@radix-ui/react-icons"' has no exported member named 'BeakerIcon'. Did you mean 'EraserIcon'?
     9 | import { Tooltip, TooltipContent, TooltipProvider, TooltipTrigger } from '@/components/ui/tooltip';
    10 | import { Input } from '@/components/ui/input';
  > 11 | import { InfoCircledIcon, GearIcon, ExclamationTriangleIcon, TargetIcon, HeartIcon, PersonIcon, BeakerIcon } from '@radix-ui/react-icons';
       |                                                                                                 ^^^^^^^^^^
    12 | import { ScoringWeights, GameScoreNormalization } from '@/types/emg';
    13 | import { useSessionStore } from '@/store/sessionStore';
    14 | import { 

ERROR in src/components/settings/ScoringWeightsSettings.tsx:484:20
TS2552: Cannot find name 'BeakerIcon'. Did you mean 'GearIcon'?
    482 |             isOpen={true}
    483 |             onOpenChange={() => {}} // Always expanded in debug
  > 484 |             icon={<BeakerIcon className="h-5 w-5 text-amber-600" />}
        |                    ^^^^^^^^^^
    485 |             accentColor="amber-600"
    486 |             badge={<Badge variant="outline" className="bg-amber-100 text-amber-800">Experimental</Badge>}
    487 |           >

