
> emg-c3d-analyzer@0.1.0 start
> craco start

Starting the development server...

Compiled successfully!

You can now view emg-c3d-analyzer in the browser.

  Local:            http://localhost:3000
  On Your Network:  http://10.240.79.190:3000

Note that the development build is not optimized.
To create a production build, use npm run build.

webpack compiled successfully
Files successfully emitted, waiting for typecheck results...
Issues checking in progress...
No issues found.

                    The build failed because the process exited too early.
                    This probably means the system ran out of memory or someone called
                    `kill -9` on the process.
                

> emg-c3d-analyzer@0.1.0 start
> craco start

Starting the development server...

Compiled successfully!

You can now view emg-c3d-analyzer in the browser.

  Local:            http://localhost:3000
  On Your Network:  http://10.240.79.190:3000

Note that the development build is not optimized.
To create a production build, use npm run build.

webpack compiled successfully
Files successfully emitted, waiting for typecheck results...
Issues checking in progress...
No issues found.
